<?xml version="1.0" encoding="UTF-8"?>
<testsuite xmlns:xsi="http://www.w3.org/2001/XMLSchema-instance" xsi:noNamespaceSchemaLocation="https://maven.apache.org/surefire/maven-surefire-plugin/xsd/surefire-test-report-3.0.xsd" version="3.0" name="TestSuite" time="34.851" tests="23" errors="0" skipped="0" failures="1">
  <properties>
    <property name="sun.desktop" value="gnome"/>
    <property name="awt.toolkit" value="sun.awt.X11.XToolkit"/>
    <property name="java.specification.version" value="11"/>
    <property name="sun.cpu.isalist" value=""/>
    <property name="sun.jnu.encoding" value="UTF-8"/>
    <property name="java.class.path" value="/home/amalia/projects/swagger-petstore-api-automation/target/test-classes:/home/amalia/projects/swagger-petstore-api-automation/target/classes:/home/amalia/.m2/repository/io/rest-assured/rest-assured/5.3.0/rest-assured-5.3.0.jar:/home/amalia/.m2/repository/org/apache/groovy/groovy/4.0.6/groovy-4.0.6.jar:/home/amalia/.m2/repository/org/apache/groovy/groovy-xml/4.0.6/groovy-xml-4.0.6.jar:/home/amalia/.m2/repository/org/apache/httpcomponents/httpclient/4.5.13/httpclient-4.5.13.jar:/home/amalia/.m2/repository/org/apache/httpcomponents/httpcore/4.4.13/httpcore-4.4.13.jar:/home/amalia/.m2/repository/commons-logging/commons-logging/1.2/commons-logging-1.2.jar:/home/amalia/.m2/repository/commons-codec/commons-codec/1.11/commons-codec-1.11.jar:/home/amalia/.m2/repository/org/apache/httpcomponents/httpmime/4.5.13/httpmime-4.5.13.jar:/home/amalia/.m2/repository/org/hamcrest/hamcrest/2.1/hamcrest-2.1.jar:/home/amalia/.m2/repository/org/ccil/cowan/tagsoup/tagsoup/1.2.1/tagsoup-1.2.1.jar:/home/amalia/.m2/repository/io/rest-assured/json-path/5.3.0/json-path-5.3.0.jar:/home/amalia/.m2/repository/org/apache/groovy/groovy-json/4.0.6/groovy-json-4.0.6.jar:/home/amalia/.m2/repository/io/rest-assured/rest-assured-common/5.3.0/rest-assured-common-5.3.0.jar:/home/amalia/.m2/repository/io/rest-assured/xml-path/5.3.0/xml-path-5.3.0.jar:/home/amalia/.m2/repository/org/apache/commons/commons-lang3/3.11/commons-lang3-3.11.jar:/home/amalia/.m2/repository/org/testng/testng/7.3.0/testng-7.3.0.jar:/home/amalia/.m2/repository/com/beust/jcommander/1.78/jcommander-1.78.jar:/home/amalia/.m2/repository/org/apache/ant/ant/1.10.3/ant-1.10.3.jar:/home/amalia/.m2/repository/org/apache/ant/ant-launcher/1.10.3/ant-launcher-1.10.3.jar:/home/amalia/.m2/repository/junit/junit/4.12/junit-4.12.jar:/home/amalia/.m2/repository/org/hamcrest/hamcrest-core/1.3/hamcrest-core-1.3.jar:/home/amalia/.m2/repository/com/google/inject/guice/4.2.2/guice-4.2.2-no_aop.jar:/home/amalia/.m2/repository/javax/inject/javax.inject/1/javax.inject-1.jar:/home/amalia/.m2/repository/aopalliance/aopalliance/1.0/aopalliance-1.0.jar:/home/amalia/.m2/repository/com/google/guava/guava/25.1-android/guava-25.1-android.jar:/home/amalia/.m2/repository/org/checkerframework/checker-compat-qual/2.0.0/checker-compat-qual-2.0.0.jar:/home/amalia/.m2/repository/com/google/errorprone/error_prone_annotations/2.1.3/error_prone_annotations-2.1.3.jar:/home/amalia/.m2/repository/com/google/j2objc/j2objc-annotations/1.1/j2objc-annotations-1.1.jar:/home/amalia/.m2/repository/org/codehaus/mojo/animal-sniffer-annotations/1.14/animal-sniffer-annotations-1.14.jar:/home/amalia/.m2/repository/org/yaml/snakeyaml/1.21/snakeyaml-1.21.jar:/home/amalia/.m2/repository/com/fasterxml/jackson/core/jackson-databind/2.14.2/jackson-databind-2.14.2.jar:/home/amalia/.m2/repository/com/fasterxml/jackson/core/jackson-annotations/2.14.2/jackson-annotations-2.14.2.jar:/home/amalia/.m2/repository/com/fasterxml/jackson/core/jackson-core/2.14.2/jackson-core-2.14.2.jar:/home/amalia/.m2/repository/io/rest-assured/json-schema-validator/5.3.0/json-schema-validator-5.3.0.jar:/home/amalia/.m2/repository/com/github/java-json-tools/json-schema-validator/2.2.14/json-schema-validator-2.2.14.jar:/home/amalia/.m2/repository/com/github/java-json-tools/jackson-coreutils-equivalence/1.0/jackson-coreutils-equivalence-1.0.jar:/home/amalia/.m2/repository/com/github/java-json-tools/jackson-coreutils/2.0/jackson-coreutils-2.0.jar:/home/amalia/.m2/repository/com/github/java-json-tools/msg-simple/1.2/msg-simple-1.2.jar:/home/amalia/.m2/repository/com/github/java-json-tools/btf/1.3/btf-1.3.jar:/home/amalia/.m2/repository/com/github/java-json-tools/json-schema-core/1.2.14/json-schema-core-1.2.14.jar:/home/amalia/.m2/repository/com/github/java-json-tools/uri-template/0.10/uri-template-0.10.jar:/home/amalia/.m2/repository/org/mozilla/rhino/1.7.7.2/rhino-1.7.7.2.jar:/home/amalia/.m2/repository/com/sun/mail/mailapi/1.6.2/mailapi-1.6.2.jar:/home/amalia/.m2/repository/joda-time/joda-time/2.10.5/joda-time-2.10.5.jar:/home/amalia/.m2/repository/com/googlecode/libphonenumber/libphonenumber/8.11.1/libphonenumber-8.11.1.jar:/home/amalia/.m2/repository/com/google/code/findbugs/jsr305/3.0.2/jsr305-3.0.2.jar:/home/amalia/.m2/repository/net/sf/jopt-simple/jopt-simple/5.0.4/jopt-simple-5.0.4.jar:/home/amalia/.m2/repository/org/apache/maven/plugins/maven-surefire-plugin/3.0.0-M5/maven-surefire-plugin-3.0.0-M5.jar:/home/amalia/.m2/repository/org/apache/maven/surefire/maven-surefire-common/3.0.0-M5/maven-surefire-common-3.0.0-M5.jar:/home/amalia/.m2/repository/org/apache/maven/surefire/surefire-api/3.0.0-M5/surefire-api-3.0.0-M5.jar:/home/amalia/.m2/repository/org/apache/maven/surefire/surefire-logger-api/3.0.0-M5/surefire-logger-api-3.0.0-M5.jar:/home/amalia/.m2/repository/org/apache/maven/surefire/surefire-extensions-api/3.0.0-M5/surefire-extensions-api-3.0.0-M5.jar:/home/amalia/.m2/repository/org/apache/maven/surefire/surefire-booter/3.0.0-M5/surefire-booter-3.0.0-M5.jar:/home/amalia/.m2/repository/org/apache/maven/surefire/surefire-extensions-spi/3.0.0-M5/surefire-extensions-spi-3.0.0-M5.jar:/home/amalia/.m2/repository/org/apache/maven/maven-toolchain/3.0-alpha-2/maven-toolchain-3.0-alpha-2.jar:/home/amalia/.m2/repository/org/apache/maven/shared/maven-artifact-transfer/0.11.0/maven-artifact-transfer-0.11.0.jar:/home/amalia/.m2/repository/org/apache/maven/shared/maven-common-artifact-filters/3.0.1/maven-common-artifact-filters-3.0.1.jar:/home/amalia/.m2/repository/org/apache/maven/maven-model/3.0/maven-model-3.0.jar:/home/amalia/.m2/repository/org/apache/maven/maven-plugin-api/3.0/maven-plugin-api-3.0.jar:/home/amalia/.m2/repository/org/sonatype/sisu/sisu-inject-plexus/1.4.2/sisu-inject-plexus-1.4.2.jar:/home/amalia/.m2/repository/org/codehaus/plexus/plexus-classworlds/2.2.3/plexus-classworlds-2.2.3.jar:/home/amalia/.m2/repository/org/sonatype/sisu/sisu-inject-bean/1.4.2/sisu-inject-bean-1.4.2.jar:/home/amalia/.m2/repository/org/sonatype/sisu/sisu-guice/2.1.7/sisu-guice-2.1.7-noaop.jar:/home/amalia/.m2/repository/org/apache/maven/shared/maven-shared-utils/3.1.0/maven-shared-utils-3.1.0.jar:/home/amalia/.m2/repository/commons-io/commons-io/2.5/commons-io-2.5.jar:/home/amalia/.m2/repository/org/codehaus/plexus/plexus-java/1.0.5/plexus-java-1.0.5.jar:/home/amalia/.m2/repository/org/ow2/asm/asm/7.2/asm-7.2.jar:/home/amalia/.m2/repository/com/thoughtworks/qdox/qdox/2.0-M9/qdox-2.0-M9.jar:/home/amalia/.m2/repository/org/apache/maven/surefire/surefire-shared-utils/3.0.0-M4/surefire-shared-utils-3.0.0-M4.jar:"/>
    <property name="java.vm.vendor" value="Ubuntu"/>
    <property name="sun.arch.data.model" value="64"/>
    <property name="java.vendor.url" value="https://ubuntu.com/"/>
    <property name="user.timezone" value="Europe/Bucharest"/>
    <property name="java.vm.specification.version" value="11"/>
    <property name="os.name" value="Linux"/>
    <property name="sun.java.launcher" value="SUN_STANDARD"/>
    <property name="user.country" value="US"/>
    <property name="sun.boot.library.path" value="/usr/lib/jvm/java-11-openjdk-amd64/lib"/>
    <property name="sun.java.command" value="/home/amalia/projects/swagger-petstore-api-automation/target/surefire/surefirebooter17871513346821996883.jar /home/amalia/projects/swagger-petstore-api-automation/target/surefire 2024-01-13T12-12-06_810-jvmRun1 surefire15278840370485068658tmp surefire_03211413767386131352tmp"/>
    <property name="jdk.debug" value="release"/>
    <property name="surefire.test.class.path" value="/home/amalia/projects/swagger-petstore-api-automation/target/test-classes:/home/amalia/projects/swagger-petstore-api-automation/target/classes:/home/amalia/.m2/repository/io/rest-assured/rest-assured/5.3.0/rest-assured-5.3.0.jar:/home/amalia/.m2/repository/org/apache/groovy/groovy/4.0.6/groovy-4.0.6.jar:/home/amalia/.m2/repository/org/apache/groovy/groovy-xml/4.0.6/groovy-xml-4.0.6.jar:/home/amalia/.m2/repository/org/apache/httpcomponents/httpclient/4.5.13/httpclient-4.5.13.jar:/home/amalia/.m2/repository/org/apache/httpcomponents/httpcore/4.4.13/httpcore-4.4.13.jar:/home/amalia/.m2/repository/commons-logging/commons-logging/1.2/commons-logging-1.2.jar:/home/amalia/.m2/repository/commons-codec/commons-codec/1.11/commons-codec-1.11.jar:/home/amalia/.m2/repository/org/apache/httpcomponents/httpmime/4.5.13/httpmime-4.5.13.jar:/home/amalia/.m2/repository/org/hamcrest/hamcrest/2.1/hamcrest-2.1.jar:/home/amalia/.m2/repository/org/ccil/cowan/tagsoup/tagsoup/1.2.1/tagsoup-1.2.1.jar:/home/amalia/.m2/repository/io/rest-assured/json-path/5.3.0/json-path-5.3.0.jar:/home/amalia/.m2/repository/org/apache/groovy/groovy-json/4.0.6/groovy-json-4.0.6.jar:/home/amalia/.m2/repository/io/rest-assured/rest-assured-common/5.3.0/rest-assured-common-5.3.0.jar:/home/amalia/.m2/repository/io/rest-assured/xml-path/5.3.0/xml-path-5.3.0.jar:/home/amalia/.m2/repository/org/apache/commons/commons-lang3/3.11/commons-lang3-3.11.jar:/home/amalia/.m2/repository/org/testng/testng/7.3.0/testng-7.3.0.jar:/home/amalia/.m2/repository/com/beust/jcommander/1.78/jcommander-1.78.jar:/home/amalia/.m2/repository/org/apache/ant/ant/1.10.3/ant-1.10.3.jar:/home/amalia/.m2/repository/org/apache/ant/ant-launcher/1.10.3/ant-launcher-1.10.3.jar:/home/amalia/.m2/repository/junit/junit/4.12/junit-4.12.jar:/home/amalia/.m2/repository/org/hamcrest/hamcrest-core/1.3/hamcrest-core-1.3.jar:/home/amalia/.m2/repository/com/google/inject/guice/4.2.2/guice-4.2.2-no_aop.jar:/home/amalia/.m2/repository/javax/inject/javax.inject/1/javax.inject-1.jar:/home/amalia/.m2/repository/aopalliance/aopalliance/1.0/aopalliance-1.0.jar:/home/amalia/.m2/repository/com/google/guava/guava/25.1-android/guava-25.1-android.jar:/home/amalia/.m2/repository/org/checkerframework/checker-compat-qual/2.0.0/checker-compat-qual-2.0.0.jar:/home/amalia/.m2/repository/com/google/errorprone/error_prone_annotations/2.1.3/error_prone_annotations-2.1.3.jar:/home/amalia/.m2/repository/com/google/j2objc/j2objc-annotations/1.1/j2objc-annotations-1.1.jar:/home/amalia/.m2/repository/org/codehaus/mojo/animal-sniffer-annotations/1.14/animal-sniffer-annotations-1.14.jar:/home/amalia/.m2/repository/org/yaml/snakeyaml/1.21/snakeyaml-1.21.jar:/home/amalia/.m2/repository/com/fasterxml/jackson/core/jackson-databind/2.14.2/jackson-databind-2.14.2.jar:/home/amalia/.m2/repository/com/fasterxml/jackson/core/jackson-annotations/2.14.2/jackson-annotations-2.14.2.jar:/home/amalia/.m2/repository/com/fasterxml/jackson/core/jackson-core/2.14.2/jackson-core-2.14.2.jar:/home/amalia/.m2/repository/io/rest-assured/json-schema-validator/5.3.0/json-schema-validator-5.3.0.jar:/home/amalia/.m2/repository/com/github/java-json-tools/json-schema-validator/2.2.14/json-schema-validator-2.2.14.jar:/home/amalia/.m2/repository/com/github/java-json-tools/jackson-coreutils-equivalence/1.0/jackson-coreutils-equivalence-1.0.jar:/home/amalia/.m2/repository/com/github/java-json-tools/jackson-coreutils/2.0/jackson-coreutils-2.0.jar:/home/amalia/.m2/repository/com/github/java-json-tools/msg-simple/1.2/msg-simple-1.2.jar:/home/amalia/.m2/repository/com/github/java-json-tools/btf/1.3/btf-1.3.jar:/home/amalia/.m2/repository/com/github/java-json-tools/json-schema-core/1.2.14/json-schema-core-1.2.14.jar:/home/amalia/.m2/repository/com/github/java-json-tools/uri-template/0.10/uri-template-0.10.jar:/home/amalia/.m2/repository/org/mozilla/rhino/1.7.7.2/rhino-1.7.7.2.jar:/home/amalia/.m2/repository/com/sun/mail/mailapi/1.6.2/mailapi-1.6.2.jar:/home/amalia/.m2/repository/joda-time/joda-time/2.10.5/joda-time-2.10.5.jar:/home/amalia/.m2/repository/com/googlecode/libphonenumber/libphonenumber/8.11.1/libphonenumber-8.11.1.jar:/home/amalia/.m2/repository/com/google/code/findbugs/jsr305/3.0.2/jsr305-3.0.2.jar:/home/amalia/.m2/repository/net/sf/jopt-simple/jopt-simple/5.0.4/jopt-simple-5.0.4.jar:/home/amalia/.m2/repository/org/apache/maven/plugins/maven-surefire-plugin/3.0.0-M5/maven-surefire-plugin-3.0.0-M5.jar:/home/amalia/.m2/repository/org/apache/maven/surefire/maven-surefire-common/3.0.0-M5/maven-surefire-common-3.0.0-M5.jar:/home/amalia/.m2/repository/org/apache/maven/surefire/surefire-api/3.0.0-M5/surefire-api-3.0.0-M5.jar:/home/amalia/.m2/repository/org/apache/maven/surefire/surefire-logger-api/3.0.0-M5/surefire-logger-api-3.0.0-M5.jar:/home/amalia/.m2/repository/org/apache/maven/surefire/surefire-extensions-api/3.0.0-M5/surefire-extensions-api-3.0.0-M5.jar:/home/amalia/.m2/repository/org/apache/maven/surefire/surefire-booter/3.0.0-M5/surefire-booter-3.0.0-M5.jar:/home/amalia/.m2/repository/org/apache/maven/surefire/surefire-extensions-spi/3.0.0-M5/surefire-extensions-spi-3.0.0-M5.jar:/home/amalia/.m2/repository/org/apache/maven/maven-toolchain/3.0-alpha-2/maven-toolchain-3.0-alpha-2.jar:/home/amalia/.m2/repository/org/apache/maven/shared/maven-artifact-transfer/0.11.0/maven-artifact-transfer-0.11.0.jar:/home/amalia/.m2/repository/org/apache/maven/shared/maven-common-artifact-filters/3.0.1/maven-common-artifact-filters-3.0.1.jar:/home/amalia/.m2/repository/org/apache/maven/maven-model/3.0/maven-model-3.0.jar:/home/amalia/.m2/repository/org/apache/maven/maven-plugin-api/3.0/maven-plugin-api-3.0.jar:/home/amalia/.m2/repository/org/sonatype/sisu/sisu-inject-plexus/1.4.2/sisu-inject-plexus-1.4.2.jar:/home/amalia/.m2/repository/org/codehaus/plexus/plexus-classworlds/2.2.3/plexus-classworlds-2.2.3.jar:/home/amalia/.m2/repository/org/sonatype/sisu/sisu-inject-bean/1.4.2/sisu-inject-bean-1.4.2.jar:/home/amalia/.m2/repository/org/sonatype/sisu/sisu-guice/2.1.7/sisu-guice-2.1.7-noaop.jar:/home/amalia/.m2/repository/org/apache/maven/shared/maven-shared-utils/3.1.0/maven-shared-utils-3.1.0.jar:/home/amalia/.m2/repository/commons-io/commons-io/2.5/commons-io-2.5.jar:/home/amalia/.m2/repository/org/codehaus/plexus/plexus-java/1.0.5/plexus-java-1.0.5.jar:/home/amalia/.m2/repository/org/ow2/asm/asm/7.2/asm-7.2.jar:/home/amalia/.m2/repository/com/thoughtworks/qdox/qdox/2.0-M9/qdox-2.0-M9.jar:/home/amalia/.m2/repository/org/apache/maven/surefire/surefire-shared-utils/3.0.0-M4/surefire-shared-utils-3.0.0-M4.jar:"/>
    <property name="sun.cpu.endian" value="little"/>
    <property name="user.home" value="/home/amalia"/>
    <property name="user.language" value="en"/>
    <property name="java.specification.vendor" value="Oracle Corporation"/>
    <property name="java.version.date" value="2023-10-17"/>
    <property name="java.home" value="/usr/lib/jvm/java-11-openjdk-amd64"/>
    <property name="testng.dtd.http" value="true"/>
    <property name="file.separator" value="/"/>
    <property name="basedir" value="/home/amalia/projects/swagger-petstore-api-automation"/>
    <property name="java.vm.compressedOopsMode" value="Zero based"/>
    <property name="line.separator" value="&#10;"/>
    <property name="java.specification.name" value="Java Platform API Specification"/>
    <property name="java.vm.specification.vendor" value="Oracle Corporation"/>
    <property name="java.awt.graphicsenv" value="sun.awt.X11GraphicsEnvironment"/>
    <property name="surefire.real.class.path" value="/home/amalia/projects/swagger-petstore-api-automation/target/surefire/surefirebooter17871513346821996883.jar"/>
    <property name="sun.management.compiler" value="HotSpot 64-Bit Tiered Compilers"/>
    <property name="java.runtime.version" value="11.0.21+9-post-Ubuntu-0ubuntu122.04"/>
    <property name="user.name" value="amalia"/>
    <property name="path.separator" value=":"/>
    <property name="os.version" value="6.1.0-1027-oem"/>
    <property name="java.runtime.name" value="OpenJDK Runtime Environment"/>
    <property name="file.encoding" value="UTF-8"/>
    <property name="java.vm.name" value="OpenJDK 64-Bit Server VM"/>
    <property name="localRepository" value="/home/amalia/.m2/repository"/>
    <property name="java.vendor.url.bug" value="https://bugs.launchpad.net/ubuntu/+source/openjdk-lts"/>
    <property name="java.io.tmpdir" value="/tmp"/>
    <property name="java.version" value="11.0.21"/>
    <property name="user.dir" value="/home/amalia/projects/swagger-petstore-api-automation"/>
    <property name="os.arch" value="amd64"/>
    <property name="java.vm.specification.name" value="Java Virtual Machine Specification"/>
    <property name="java.awt.printerjob" value="sun.print.PSPrinterJob"/>
    <property name="sun.os.patch.level" value="unknown"/>
    <property name="java.library.path" value="/usr/java/packages/lib:/usr/lib/x86_64-linux-gnu/jni:/lib/x86_64-linux-gnu:/usr/lib/x86_64-linux-gnu:/usr/lib/jni:/lib:/usr/lib"/>
    <property name="java.vm.info" value="mixed mode, sharing"/>
    <property name="java.vendor" value="Ubuntu"/>
    <property name="java.vm.version" value="11.0.21+9-post-Ubuntu-0ubuntu122.04"/>
    <property name="java.specification.maintenance.version" value="2"/>
    <property name="sun.io.unicode.encoding" value="UnicodeLittle"/>
    <property name="java.class.version" value="55.0"/>
  </properties>
  <testcase name="createPet" classname="tests.PetTests" time="1.579">
    <system-out><![CDATA[[TestNGContentHandler] [WARN] It is strongly recommended to add "<!DOCTYPE suite SYSTEM "https://testng.org/testng-1.0.dtd" >" at the top of your file, otherwise TestNG may fail or not work as expected.
Request method:	POST
Request URI:	https://petstore.swagger.io/v2/pet
Proxy:			<none>
Request params:	<none>
Query params:	<none>
Form params:	<none>
Path params:	<none>
Headers:		Accept=application/json
				api_key=apiKey
				Content-Type=application/json
Cookies:		<none>
Multiparts:		<none>
Body:
{
    "id": 501587,
    "category": {
        "id": 346370,
        "name": "dogs"
    },
    "name": "ZGMZggdiVu",
    "photoUrls": [
        "src/test/java/cute-puppy.jpg"
    ],
    "tags": [
        {
            "id": 662380,
            "name": "KTmLNuQzgc"
        },
        {
            "id": 105016,
            "name": "UqIyNxLaKq"
        }
    ],
    "status": "available"
}
HTTP/1.1 200 OK
Date: Sat, 13 Jan 2024 10:12:09 GMT
Content-Type: application/json
Transfer-Encoding: chunked
Connection: keep-alive
Access-Control-Allow-Origin: *
Access-Control-Allow-Methods: GET, POST, DELETE, PUT
Access-Control-Allow-Headers: Content-Type, api_key, Authorization
Server: Jetty(9.2.9.v20150224)

{
    "id": 501587,
    "category": {
        "id": 346370,
        "name": "dogs"
    },
    "name": "ZGMZggdiVu",
    "photoUrls": [
        "src/test/java/cute-puppy.jpg"
    ],
    "tags": [
        {
            "id": 662380,
            "name": "KTmLNuQzgc"
        },
        {
            "id": 105016,
            "name": "UqIyNxLaKq"
        }
    ],
    "status": "available"
}
]]></system-out>
  </testcase>
  <testcase name="getPetAndValidateCategoryName" classname="tests.PetTests" time="1.007">
    <system-out><![CDATA[Request method:	GET
Request URI:	https://petstore.swagger.io/v2/pet/501587
Proxy:			<none>
Request params:	<none>
Query params:	<none>
Form params:	<none>
Path params:	petId=501587
Headers:		Accept=application/json
				api_key=apiKey
				Content-Type=application/json
Cookies:		<none>
Multiparts:		<none>
Body:			<none>
HTTP/1.1 200 OK
Date: Sat, 13 Jan 2024 10:12:10 GMT
Content-Type: application/json
Transfer-Encoding: chunked
Connection: keep-alive
Access-Control-Allow-Origin: *
Access-Control-Allow-Methods: GET, POST, DELETE, PUT
Access-Control-Allow-Headers: Content-Type, api_key, Authorization
Server: Jetty(9.2.9.v20150224)

{
    "id": 501587,
    "category": {
        "id": 346370,
        "name": "dogs"
    },
    "name": "ZGMZggdiVu",
    "photoUrls": [
        "src/test/java/cute-puppy.jpg"
    ],
    "tags": [
        {
            "id": 662380,
            "name": "KTmLNuQzgc"
        },
        {
            "id": 105016,
            "name": "UqIyNxLaKq"
        }
    ],
    "status": "available"
}
]]></system-out>
  </testcase>
  <testcase name="getPetAndValidateName" classname="tests.PetTests" time="1.024">
    <system-out><![CDATA[Request method:	GET
Request URI:	https://petstore.swagger.io/v2/pet/501587
Proxy:			<none>
Request params:	<none>
Query params:	<none>
Form params:	<none>
Path params:	petId=501587
Headers:		Accept=application/json
				api_key=apiKey
				Content-Type=application/json
Cookies:		<none>
Multiparts:		<none>
Body:			<none>
HTTP/1.1 200 OK
Date: Sat, 13 Jan 2024 10:12:11 GMT
Content-Type: application/json
Transfer-Encoding: chunked
Connection: keep-alive
Access-Control-Allow-Origin: *
Access-Control-Allow-Methods: GET, POST, DELETE, PUT
Access-Control-Allow-Headers: Content-Type, api_key, Authorization
Server: Jetty(9.2.9.v20150224)

{
    "id": 501587,
    "category": {
        "id": 346370,
        "name": "dogs"
    },
    "name": "ZGMZggdiVu",
    "photoUrls": [
        "src/test/java/cute-puppy.jpg"
    ],
    "tags": [
        {
            "id": 662380,
            "name": "KTmLNuQzgc"
        },
        {
            "id": 105016,
            "name": "UqIyNxLaKq"
        }
    ],
    "status": "available"
}
]]></system-out>
  </testcase>
  <testcase name="getPetById" classname="tests.PetTests" time="1.016">
    <system-out><![CDATA[Request method:	GET
Request URI:	https://petstore.swagger.io/v2/pet/501587
Proxy:			<none>
Request params:	<none>
Query params:	<none>
Form params:	<none>
Path params:	petId=501587
Headers:		Accept=application/json
				api_key=apiKey
				Content-Type=application/json
Cookies:		<none>
Multiparts:		<none>
Body:			<none>
HTTP/1.1 200 OK
Date: Sat, 13 Jan 2024 10:12:12 GMT
Content-Type: application/json
Transfer-Encoding: chunked
Connection: keep-alive
Access-Control-Allow-Origin: *
Access-Control-Allow-Methods: GET, POST, DELETE, PUT
Access-Control-Allow-Headers: Content-Type, api_key, Authorization
Server: Jetty(9.2.9.v20150224)

{
    "id": 501587,
    "category": {
        "id": 346370,
        "name": "dogs"
    },
    "name": "ZGMZggdiVu",
    "photoUrls": [
        "src/test/java/cute-puppy.jpg"
    ],
    "tags": [
        {
            "id": 662380,
            "name": "KTmLNuQzgc"
        },
        {
            "id": 105016,
            "name": "UqIyNxLaKq"
        }
    ],
    "status": "available"
}
]]></system-out>
  </testcase>
  <testcase name="getPetsByStatus" classname="tests.PetTests" time="1.043">
    <failure message="com.fasterxml.jackson.databind.JsonMappingException: Numeric value (9223372036854755014) out of range of int (-2147483648 - 2147483647)&#10; at [Source: (String)&quot;{&quot;id&quot;:9223372036854755014,&quot;category&quot;:{&quot;id&quot;:0,&quot;name&quot;:&quot;Ringo&quot;},&quot;name&quot;:&quot;doggie&quot;,&quot;photoUrls&quot;:[&quot;string&quot;],&quot;tags&quot;:[{&quot;id&quot;:0,&quot;name&quot;:&quot;Cat&quot;}],&quot;status&quot;:&quot;sold&quot;}&quot;; line: 1, column: 26] (through reference chain: models.Pet[&quot;id&quot;])" type="java.lang.RuntimeException"><![CDATA[java.lang.RuntimeException: 
com.fasterxml.jackson.databind.JsonMappingException: Numeric value (9223372036854755014) out of range of int (-2147483648 - 2147483647)
 at [Source: (String)"{"id":9223372036854755014,"category":{"id":0,"name":"Ringo"},"name":"doggie","photoUrls":["string"],"tags":[{"id":0,"name":"Cat"}],"status":"sold"}"; line: 1, column: 26] (through reference chain: models.Pet["id"])
	at tests.PetTests.getPetsByStatus(PetTests.java:58)
Caused by: com.fasterxml.jackson.databind.JsonMappingException: 
Numeric value (9223372036854755014) out of range of int (-2147483648 - 2147483647)
 at [Source: (String)"{"id":9223372036854755014,"category":{"id":0,"name":"Ringo"},"name":"doggie","photoUrls":["string"],"tags":[{"id":0,"name":"Cat"}],"status":"sold"}"; line: 1, column: 26] (through reference chain: models.Pet["id"])
	at tests.PetTests.getPetsByStatus(PetTests.java:58)
Caused by: com.fasterxml.jackson.core.exc.InputCoercionException: 
Numeric value (9223372036854755014) out of range of int (-2147483648 - 2147483647)
 at [Source: (String)"{"id":9223372036854755014,"category":{"id":0,"name":"Ringo"},"name":"doggie","photoUrls":["string"],"tags":[{"id":0,"name":"Cat"}],"status":"sold"}"; line: 1, column: 26]
	at tests.PetTests.getPetsByStatus(PetTests.java:58)
]]></failure>
    <system-out><![CDATA[Request method:	GET
Request URI:	https://petstore.swagger.io/v2/pet/findByStatus?status=sold
Proxy:			<none>
Request params:	<none>
Query params:	status=sold
Form params:	<none>
Path params:	<none>
Headers:		Accept=application/json
				api_key=apiKey
				Content-Type=application/json
Cookies:		<none>
Multiparts:		<none>
Body:			<none>
HTTP/1.1 200 OK
Date: Sat, 13 Jan 2024 10:12:13 GMT
Content-Type: application/json
Transfer-Encoding: chunked
Connection: keep-alive
Access-Control-Allow-Origin: *
Access-Control-Allow-Methods: GET, POST, DELETE, PUT
Access-Control-Allow-Headers: Content-Type, api_key, Authorization
Server: Jetty(9.2.9.v20150224)

[
    {
        "id": 7777,
        "category": {
            "id": 7777,
            "name": "cat"
        },
        "name": "miranka",
        "photoUrls": [
            "string"
        ],
        "tags": [
            {
                "id": 7777,
                "name": "bengal"
            }
        ],
        "status": "sold"
    },
    {
        "id": 9223372036854755014,
        "category": {
            "id": 0,
            "name": "Ringo"
        },
        "name": "doggie",
        "photoUrls": [
            "string"
        ],
        "tags": [
            {
                "id": 0,
                "name": "Cat"
            }
        ],
        "status": "sold"
    },
    {
        "id": 9223372036854755029,
        "category": {
            "id": 0,
            "name": "Ringo"
        },
        "name": "doggie",
        "photoUrls": [
            "string"
        ],
        "tags": [
            {
                "id": 0,
                "name": "Cat"
            }
        ],
        "status": "sold"
    },
    {
        "id": 12084391,
        "category": {
            "id": -48583,
            "name": "cupidatat amet commodo"
        },
        "name": "doggie",
        "photoUrls": [
            "fugiat Ut eu",
            "exercitation nostr"
        ],
        "tags": [
            {
                "id": -27183415,
                "name": "e"
            },
            {
                "id": 86979382,
                "name": "in anim consectetur Lorem ut"
            }
        ],
        "status": "sold"
    },
    {
        "id": 922337203685477590,
        "category": {
            "id": 2,
            "name": "cat"
        },
        "name": "Alisa 78",
        "photoUrls": [
            
        ],
        "tags": [
            
        ],
        "status": "sold"
    }
]
]]></system-out>
  </testcase>
  <testcase name="uploadPetImage" classname="tests.PetTests" time="1.622">
    <system-out><![CDATA[Request method:	POST
Request URI:	https://petstore.swagger.io/v2/pet/501587/uploadImage
Proxy:			<none>
Request params:	<none>
Query params:	<none>
Form params:	<none>
Path params:	petId=501587
Headers:		Accept=application/json
				api_key=apiKey
				Content-Type=multipart/form-data
Cookies:		<none>
Multiparts:		------------
				Content-Disposition: form-data; name = file; filename = cute-puppy.jpg
				Content-Type: application/octet-stream

				src/test/java/testUtils/cute-puppy.jpg
Body:			<none>
HTTP/1.1 200 OK
Date: Sat, 13 Jan 2024 10:12:15 GMT
Content-Type: application/json
Transfer-Encoding: chunked
Connection: keep-alive
Access-Control-Allow-Origin: *
Access-Control-Allow-Methods: GET, POST, DELETE, PUT
Access-Control-Allow-Headers: Content-Type, api_key, Authorization
Server: Jetty(9.2.9.v20150224)

{
    "code": 200,
    "type": "unknown",
    "message": "additionalMetadata: null\nFile uploaded to ./cute-puppy.jpg, 121984 bytes"
}
]]></system-out>
  </testcase>
  <testcase name="validatePetHasPhotoUrl" classname="tests.PetTests" time="1.036">
    <system-out><![CDATA[Request method:	GET
Request URI:	https://petstore.swagger.io/v2/pet/501587
Proxy:			<none>
Request params:	<none>
Query params:	<none>
Form params:	<none>
Path params:	petId=501587
Headers:		Accept=application/json
				api_key=apiKey
				Content-Type=application/json
Cookies:		<none>
Multiparts:		<none>
Body:			<none>
HTTP/1.1 200 OK
Date: Sat, 13 Jan 2024 10:12:16 GMT
Content-Type: application/json
Transfer-Encoding: chunked
Connection: keep-alive
Access-Control-Allow-Origin: *
Access-Control-Allow-Methods: GET, POST, DELETE, PUT
Access-Control-Allow-Headers: Content-Type, api_key, Authorization
Server: Jetty(9.2.9.v20150224)

{
    "id": 501587,
    "category": {
        "id": 346370,
        "name": "dogs"
    },
    "name": "ZGMZggdiVu",
    "photoUrls": [
        "src/test/java/cute-puppy.jpg"
    ],
    "tags": [
        {
            "id": 662380,
            "name": "KTmLNuQzgc"
        },
        {
            "id": 105016,
            "name": "UqIyNxLaKq"
        }
    ],
    "status": "available"
}
]]></system-out>
  </testcase>
  <testcase name="validateResponseContainsAllData" classname="tests.PetTests" time="0.713">
    <system-out><![CDATA[Request method:	GET
Request URI:	https://petstore.swagger.io/v2/pet/501587
Proxy:			<none>
Request params:	<none>
Query params:	<none>
Form params:	<none>
Path params:	petId=501587
Headers:		Accept=application/json
				api_key=apiKey
				Content-Type=application/json
Cookies:		<none>
Multiparts:		<none>
Body:			<none>
HTTP/1.1 200 OK
Date: Sat, 13 Jan 2024 10:12:17 GMT
Content-Type: application/json
Transfer-Encoding: chunked
Connection: keep-alive
Access-Control-Allow-Origin: *
Access-Control-Allow-Methods: GET, POST, DELETE, PUT
Access-Control-Allow-Headers: Content-Type, api_key, Authorization
Server: Jetty(9.2.9.v20150224)

{
    "id": 501587,
    "category": {
        "id": 346370,
        "name": "dogs"
    },
    "name": "ZGMZggdiVu",
    "photoUrls": [
        "src/test/java/cute-puppy.jpg"
    ],
    "tags": [
        {
            "id": 662380,
            "name": "KTmLNuQzgc"
        },
        {
            "id": 105016,
            "name": "UqIyNxLaKq"
        }
    ],
    "status": "available"
}
]]></system-out>
  </testcase>
  <testcase name="updatePet" classname="tests.PetTests" time="0.719">
    <system-out><![CDATA[Request method:	PUT
Request URI:	https://petstore.swagger.io/v2/pet
Proxy:			<none>
Request params:	<none>
Query params:	<none>
Form params:	<none>
Path params:	<none>
Headers:		Accept=application/json
				api_key=apiKey
				Content-Type=application/json
Cookies:		<none>
Multiparts:		<none>
Body:
{
    "id": 501587,
    "category": {
        "id": 346370,
        "name": "dogs"
    },
    "name": "ZGMZggdiVu",
    "photoUrls": [
        "src/test/java/cute-puppy.jpg"
    ],
    "tags": [
        {
            "id": 662380,
            "name": "KTmLNuQzgc"
        },
        {
            "id": 105016,
            "name": "UqIyNxLaKq"
        }
    ],
    "status": "pending"
}
HTTP/1.1 200 OK
Date: Sat, 13 Jan 2024 10:12:17 GMT
Content-Type: application/json
Transfer-Encoding: chunked
Connection: keep-alive
Access-Control-Allow-Origin: *
Access-Control-Allow-Methods: GET, POST, DELETE, PUT
Access-Control-Allow-Headers: Content-Type, api_key, Authorization
Server: Jetty(9.2.9.v20150224)

{
    "id": 501587,
    "category": {
        "id": 346370,
        "name": "dogs"
    },
    "name": "ZGMZggdiVu",
    "photoUrls": [
        "src/test/java/cute-puppy.jpg"
    ],
    "tags": [
        {
            "id": 662380,
            "name": "KTmLNuQzgc"
        },
        {
            "id": 105016,
            "name": "UqIyNxLaKq"
        }
    ],
    "status": "pending"
}
]]></system-out>
  </testcase>
  <testcase name="updatePetFormData" classname="tests.PetTests" time="2.547">
    <system-out><![CDATA[Request method:	POST
Request URI:	https://petstore.swagger.io/v2/pet/501587
Proxy:			<none>
Request params:	<none>
Query params:	<none>
Form params:	name=HuBtOmIVmk
				status=sold
Path params:	petId=501587
Headers:		Accept=application/json
				api_key=apiKey
				Content-Type=application/x-www-form-urlencoded; charset=ISO-8859-1
Cookies:		<none>
Multiparts:		<none>
Body:			<none>
HTTP/1.1 200 OK
Date: Sat, 13 Jan 2024 10:12:18 GMT
Content-Type: application/json
Transfer-Encoding: chunked
Connection: keep-alive
Access-Control-Allow-Origin: *
Access-Control-Allow-Methods: GET, POST, DELETE, PUT
Access-Control-Allow-Headers: Content-Type, api_key, Authorization
Server: Jetty(9.2.9.v20150224)

{
    "code": 200,
    "type": "unknown",
    "message": "501587"
}
Request method:	GET
Request URI:	https://petstore.swagger.io/v2/pet/501587
Proxy:			<none>
Request params:	<none>
Query params:	<none>
Form params:	<none>
Path params:	petId=501587
Headers:		Accept=application/json
				api_key=apiKey
				Content-Type=application/json
Cookies:		<none>
Multiparts:		<none>
Body:			<none>
HTTP/1.1 200 OK
Date: Sat, 13 Jan 2024 10:12:19 GMT
Content-Type: application/json
Transfer-Encoding: chunked
Connection: keep-alive
Access-Control-Allow-Origin: *
Access-Control-Allow-Methods: GET, POST, DELETE, PUT
Access-Control-Allow-Headers: Content-Type, api_key, Authorization
Server: Jetty(9.2.9.v20150224)

{
    "id": 501587,
    "category": {
        "id": 346370,
        "name": "dogs"
    },
    "name": "HuBtOmIVmk",
    "photoUrls": [
        "src/test/java/cute-puppy.jpg"
    ],
    "tags": [
        {
            "id": 662380,
            "name": "KTmLNuQzgc"
        },
        {
            "id": 105016,
            "name": "UqIyNxLaKq"
        }
    ],
    "status": "sold"
}
Request method:	GET
Request URI:	https://petstore.swagger.io/v2/pet/501587
Proxy:			<none>
Request params:	<none>
Query params:	<none>
Form params:	<none>
Path params:	petId=501587
Headers:		Accept=application/json
				api_key=apiKey
				Content-Type=application/json
Cookies:		<none>
Multiparts:		<none>
Body:			<none>
HTTP/1.1 200 OK
Date: Sat, 13 Jan 2024 10:12:20 GMT
Content-Type: application/json
Transfer-Encoding: chunked
Connection: keep-alive
Access-Control-Allow-Origin: *
Access-Control-Allow-Methods: GET, POST, DELETE, PUT
Access-Control-Allow-Headers: Content-Type, api_key, Authorization
Server: Jetty(9.2.9.v20150224)

{
    "id": 501587,
    "category": {
        "id": 346370,
        "name": "dogs"
    },
    "name": "HuBtOmIVmk",
    "photoUrls": [
        "src/test/java/cute-puppy.jpg"
    ],
    "tags": [
        {
            "id": 662380,
            "name": "KTmLNuQzgc"
        },
        {
            "id": 105016,
            "name": "UqIyNxLaKq"
        }
    ],
    "status": "sold"
}
]]></system-out>
  </testcase>
  <testcase name="deletePet" classname="tests.PetTests" time="1.943">
    <system-out><![CDATA[Request method:	DELETE
Request URI:	https://petstore.swagger.io/v2/pet/501587
Proxy:			<none>
Request params:	<none>
Query params:	<none>
Form params:	<none>
Path params:	petId=501587
Headers:		Accept=application/json
				api_key=apiKey
				Content-Type=application/json
Cookies:		<none>
Multiparts:		<none>
Body:			<none>
HTTP/1.1 200 OK
Date: Sat, 13 Jan 2024 10:12:21 GMT
Content-Type: application/json
Transfer-Encoding: chunked
Connection: keep-alive
Access-Control-Allow-Origin: *
Access-Control-Allow-Methods: GET, POST, DELETE, PUT
Access-Control-Allow-Headers: Content-Type, api_key, Authorization
Server: Jetty(9.2.9.v20150224)

{
    "code": 200,
    "type": "unknown",
    "message": "501587"
}
Request method:	GET
Request URI:	https://petstore.swagger.io/v2/pet/501587
Proxy:			<none>
Request params:	<none>
Query params:	<none>
Form params:	<none>
Path params:	petId=501587
Headers:		Accept=application/json
				api_key=apiKey
				Content-Type=application/json
Cookies:		<none>
Multiparts:		<none>
Body:			<none>
HTTP/1.1 404 Not Found
Date: Sat, 13 Jan 2024 10:12:22 GMT
Content-Type: application/json
Transfer-Encoding: chunked
Connection: keep-alive
Access-Control-Allow-Origin: *
Access-Control-Allow-Methods: GET, POST, DELETE, PUT
Access-Control-Allow-Headers: Content-Type, api_key, Authorization
Server: Jetty(9.2.9.v20150224)

{
    "code": 1,
    "type": "error",
    "message": "Pet not found"
}
]]></system-out>
  </testcase>
  <testcase name="getStoreInventory" classname="tests.StoreTests" time="0.922">
    <system-out><![CDATA[Request method:	GET
Request URI:	https://petstore.swagger.io/v2/store/inventory
Proxy:			<none>
Request params:	<none>
Query params:	<none>
Form params:	<none>
Path params:	<none>
Headers:		api_key=apiKey
				Accept=application/json
				api_key=apiKey
				Content-Type=application/json
Cookies:		<none>
Multiparts:		<none>
Body:			<none>
Request method:	GET
Request URI:	https://petstore.swagger.io/v2/store/inventory
Proxy:			<none>
Request params:	<none>
Query params:	<none>
Form params:	<none>
Path params:	<none>
Headers:		api_key=apiKey
				Accept=application/json
				api_key=apiKey
				Content-Type=application/json
Cookies:		<none>
Multiparts:		<none>
Body:			<none>
HTTP/1.1 200 OK
Date: Sat, 13 Jan 2024 10:12:23 GMT
Content-Type: application/json
Transfer-Encoding: chunked
Connection: keep-alive
Access-Control-Allow-Origin: *
Access-Control-Allow-Methods: GET, POST, DELETE, PUT
Access-Control-Allow-Headers: Content-Type, api_key, Authorization
Server: Jetty(9.2.9.v20150224)

{
    "sold": 5,
    "string": 777,
    "available": 210,
    "not available": 1
}
HTTP/1.1 200 OK
Date: Sat, 13 Jan 2024 10:12:23 GMT
Content-Type: application/json
Transfer-Encoding: chunked
Connection: keep-alive
Access-Control-Allow-Origin: *
Access-Control-Allow-Methods: GET, POST, DELETE, PUT
Access-Control-Allow-Headers: Content-Type, api_key, Authorization
Server: Jetty(9.2.9.v20150224)

{
    "sold": 5,
    "string": 777,
    "available": 210,
    "not available": 1
}
]]></system-out>
  </testcase>
  <testcase name="placeOrder" classname="tests.StoreTests" time="1.042">
    <system-out><![CDATA[Request method:	POST
Request URI:	https://petstore.swagger.io/v2/store/order
Proxy:			<none>
Request params:	<none>
Query params:	<none>
Form params:	<none>
Path params:	<none>
Headers:		api_key=apiKey
				Accept=application/json
				api_key=apiKey
				Content-Type=application/json
Cookies:		<none>
Multiparts:		<none>
Body:
{
    "id": 9,
    "petId": 42520,
    "quantity": 1,
    "shipDate": "2024-01-07T15:50:46.121Z",
    "status": "placed",
    "complete": true
}
Request method:	POST
Request URI:	https://petstore.swagger.io/v2/store/order
Proxy:			<none>
Request params:	<none>
Query params:	<none>
Form params:	<none>
Path params:	<none>
Headers:		api_key=apiKey
				Accept=application/json
				api_key=apiKey
				Content-Type=application/json
Cookies:		<none>
Multiparts:		<none>
Body:
{
    "id": 9,
    "petId": 42520,
    "quantity": 1,
    "shipDate": "2024-01-07T15:50:46.121Z",
    "status": "placed",
    "complete": true
}
HTTP/1.1 200 OK
Date: Sat, 13 Jan 2024 10:12:24 GMT
Content-Type: application/json
Transfer-Encoding: chunked
Connection: keep-alive
Access-Control-Allow-Origin: *
Access-Control-Allow-Methods: GET, POST, DELETE, PUT
Access-Control-Allow-Headers: Content-Type, api_key, Authorization
Server: Jetty(9.2.9.v20150224)

{
    "id": 9,
    "petId": 42520,
    "quantity": 1,
    "shipDate": "2024-01-07T15:50:46.121+0000",
    "status": "placed",
    "complete": true
}
HTTP/1.1 200 OK
Date: Sat, 13 Jan 2024 10:12:24 GMT
Content-Type: application/json
Transfer-Encoding: chunked
Connection: keep-alive
Access-Control-Allow-Origin: *
Access-Control-Allow-Methods: GET, POST, DELETE, PUT
Access-Control-Allow-Headers: Content-Type, api_key, Authorization
Server: Jetty(9.2.9.v20150224)

{
    "id": 9,
    "petId": 42520,
    "quantity": 1,
    "shipDate": "2024-01-07T15:50:46.121+0000",
    "status": "placed",
    "complete": true
}
]]></system-out>
  </testcase>
  <testcase name="findPurchaseOrderById" classname="tests.StoreTests" time="1.014">
    <system-out><![CDATA[Request method:	GET
Request URI:	https://petstore.swagger.io/v2/store/order/9
Proxy:			<none>
Request params:	<none>
Query params:	<none>
Form params:	<none>
Path params:	orderId=9
Headers:		api_key=apiKey
				Accept=application/json
				api_key=apiKey
				Content-Type=application/json
Cookies:		<none>
Multiparts:		<none>
Body:			<none>
Request method:	GET
Request URI:	https://petstore.swagger.io/v2/store/order/9
Proxy:			<none>
Request params:	<none>
Query params:	<none>
Form params:	<none>
Path params:	orderId=9
Headers:		api_key=apiKey
				Accept=application/json
				api_key=apiKey
				Content-Type=application/json
Cookies:		<none>
Multiparts:		<none>
Body:			<none>
HTTP/1.1 200 OK
Date: Sat, 13 Jan 2024 10:12:25 GMT
Content-Type: application/json
Transfer-Encoding: chunked
Connection: keep-alive
Access-Control-Allow-Origin: *
Access-Control-Allow-Methods: GET, POST, DELETE, PUT
Access-Control-Allow-Headers: Content-Type, api_key, Authorization
Server: Jetty(9.2.9.v20150224)

{
    "id": 9,
    "petId": 42520,
    "quantity": 1,
    "shipDate": "2024-01-07T15:50:46.121+0000",
    "status": "placed",
    "complete": true
}
HTTP/1.1 200 OK
Date: Sat, 13 Jan 2024 10:12:25 GMT
Content-Type: application/json
Transfer-Encoding: chunked
Connection: keep-alive
Access-Control-Allow-Origin: *
Access-Control-Allow-Methods: GET, POST, DELETE, PUT
Access-Control-Allow-Headers: Content-Type, api_key, Authorization
Server: Jetty(9.2.9.v20150224)

{
    "id": 9,
    "petId": 42520,
    "quantity": 1,
    "shipDate": "2024-01-07T15:50:46.121+0000",
    "status": "placed",
    "complete": true
}
]]></system-out>
  </testcase>
  <testcase name="deletePurchaseOrderById" classname="tests.StoreTests" time="1.017">
    <system-out><![CDATA[Request method:	DELETE
Request URI:	https://petstore.swagger.io/v2/store/order/9
Proxy:			<none>
Request params:	<none>
Query params:	<none>
Form params:	<none>
Path params:	orderId=9
Headers:		api_key=apiKey
				Accept=application/json
				api_key=apiKey
				Content-Type=application/json
Cookies:		<none>
Multiparts:		<none>
Body:			<none>
Request method:	DELETE
Request URI:	https://petstore.swagger.io/v2/store/order/9
Proxy:			<none>
Request params:	<none>
Query params:	<none>
Form params:	<none>
Path params:	orderId=9
Headers:		api_key=apiKey
				Accept=application/json
				api_key=apiKey
				Content-Type=application/json
Cookies:		<none>
Multiparts:		<none>
Body:			<none>
HTTP/1.1 200 OK
Date: Sat, 13 Jan 2024 10:12:26 GMT
Content-Type: application/json
Transfer-Encoding: chunked
Connection: keep-alive
Access-Control-Allow-Origin: *
Access-Control-Allow-Methods: GET, POST, DELETE, PUT
Access-Control-Allow-Headers: Content-Type, api_key, Authorization
Server: Jetty(9.2.9.v20150224)

{
    "code": 200,
    "type": "unknown",
    "message": "9"
}
HTTP/1.1 200 OK
Date: Sat, 13 Jan 2024 10:12:26 GMT
Content-Type: application/json
Transfer-Encoding: chunked
Connection: keep-alive
Access-Control-Allow-Origin: *
Access-Control-Allow-Methods: GET, POST, DELETE, PUT
Access-Control-Allow-Headers: Content-Type, api_key, Authorization
Server: Jetty(9.2.9.v20150224)

{
    "code": 200,
    "type": "unknown",
    "message": "9"
}
]]></system-out>
  </testcase>
  <testcase name="login" classname="tests.UserTests" time="0.923">
    <system-out><![CDATA[Request method:	GET
Request URI:	https://petstore.swagger.io/v2/user/login?username=test&password=abc123
Proxy:			<none>
Request params:	<none>
Query params:	username=test
				password=abc123
Form params:	<none>
Path params:	<none>
Headers:		api_key=apiKey
				api_key=apiKey
				Accept=application/json
				api_key=apiKey
				Content-Type=application/json
Cookies:		<none>
Multiparts:		<none>
Body:			<none>
Request method:	GET
Request URI:	https://petstore.swagger.io/v2/user/login?username=test&password=abc123
Proxy:			<none>
Request params:	<none>
Query params:	username=test
				password=abc123
Form params:	<none>
Path params:	<none>
Headers:		api_key=apiKey
				api_key=apiKey
				Accept=application/json
				api_key=apiKey
				Content-Type=application/json
Cookies:		<none>
Multiparts:		<none>
Body:			<none>
Request method:	GET
Request URI:	https://petstore.swagger.io/v2/user/login?username=test&password=abc123
Proxy:			<none>
Request params:	<none>
Query params:	username=test
				password=abc123
Form params:	<none>
Path params:	<none>
Headers:		api_key=apiKey
				api_key=apiKey
				Accept=application/json
				api_key=apiKey
				Content-Type=application/json
Cookies:		<none>
Multiparts:		<none>
Body:			<none>
HTTP/1.1 200 OK
Date: Sat, 13 Jan 2024 10:12:27 GMT
Content-Type: application/json
Transfer-Encoding: chunked
Connection: keep-alive
Access-Control-Allow-Origin: *
Access-Control-Allow-Methods: GET, POST, DELETE, PUT
Access-Control-Allow-Headers: Content-Type, api_key, Authorization
X-Expires-After: Sat Jan 13 11:12:27 UTC 2024
X-Rate-Limit: 5000
Server: Jetty(9.2.9.v20150224)

{
    "code": 200,
    "type": "unknown",
    "message": "logged in user session:1705140747173"
}
HTTP/1.1 200 OK
Date: Sat, 13 Jan 2024 10:12:27 GMT
Content-Type: application/json
Transfer-Encoding: chunked
Connection: keep-alive
Access-Control-Allow-Origin: *
Access-Control-Allow-Methods: GET, POST, DELETE, PUT
Access-Control-Allow-Headers: Content-Type, api_key, Authorization
X-Expires-After: Sat Jan 13 11:12:27 UTC 2024
X-Rate-Limit: 5000
Server: Jetty(9.2.9.v20150224)

{
    "code": 200,
    "type": "unknown",
    "message": "logged in user session:1705140747173"
}
HTTP/1.1 200 OK
Date: Sat, 13 Jan 2024 10:12:27 GMT
Content-Type: application/json
Transfer-Encoding: chunked
Connection: keep-alive
Access-Control-Allow-Origin: *
Access-Control-Allow-Methods: GET, POST, DELETE, PUT
Access-Control-Allow-Headers: Content-Type, api_key, Authorization
X-Expires-After: Sat Jan 13 11:12:27 UTC 2024
X-Rate-Limit: 5000
Server: Jetty(9.2.9.v20150224)

{
    "code": 200,
    "type": "unknown",
    "message": "logged in user session:1705140747173"
}
]]></system-out>
  </testcase>
  <testcase name="createUser" classname="tests.UserTests" time="1.022">
    <system-out><![CDATA[Request method:	POST
Request URI:	https://petstore.swagger.io/v2/user
Proxy:			<none>
Request params:	<none>
Query params:	<none>
Form params:	<none>
Path params:	<none>
Headers:		api_key=apiKey
				api_key=apiKey
				Accept=application/json
				api_key=apiKey
				Content-Type=application/json
Cookies:		<none>
Multiparts:		<none>
Body:
{
    "id": 821018,
    "username": "veEMuBBaOI",
    "firstName": "LIdVsCrFWg",
    "lastName": "xZbdXfDTzJ",
    "email": "jfbfxls@gmail.com",
    "password": "mDnmsTScFj",
    "phone": "2752415754",
    "userStatus": 96
}
Request method:	POST
Request URI:	https://petstore.swagger.io/v2/user
Proxy:			<none>
Request params:	<none>
Query params:	<none>
Form params:	<none>
Path params:	<none>
Headers:		api_key=apiKey
				api_key=apiKey
				Accept=application/json
				api_key=apiKey
				Content-Type=application/json
Cookies:		<none>
Multiparts:		<none>
Body:
{
    "id": 821018,
    "username": "veEMuBBaOI",
    "firstName": "LIdVsCrFWg",
    "lastName": "xZbdXfDTzJ",
    "email": "jfbfxls@gmail.com",
    "password": "mDnmsTScFj",
    "phone": "2752415754",
    "userStatus": 96
}
Request method:	POST
Request URI:	https://petstore.swagger.io/v2/user
Proxy:			<none>
Request params:	<none>
Query params:	<none>
Form params:	<none>
Path params:	<none>
Headers:		api_key=apiKey
				api_key=apiKey
				Accept=application/json
				api_key=apiKey
				Content-Type=application/json
Cookies:		<none>
Multiparts:		<none>
Body:
{
    "id": 821018,
    "username": "veEMuBBaOI",
    "firstName": "LIdVsCrFWg",
    "lastName": "xZbdXfDTzJ",
    "email": "jfbfxls@gmail.com",
    "password": "mDnmsTScFj",
    "phone": "2752415754",
    "userStatus": 96
}
HTTP/1.1 200 OK
Date: Sat, 13 Jan 2024 10:12:28 GMT
Content-Type: application/json
Transfer-Encoding: chunked
Connection: keep-alive
Access-Control-Allow-Origin: *
Access-Control-Allow-Methods: GET, POST, DELETE, PUT
Access-Control-Allow-Headers: Content-Type, api_key, Authorization
Server: Jetty(9.2.9.v20150224)

{
    "code": 200,
    "type": "unknown",
    "message": "821018"
}
HTTP/1.1 200 OK
Date: Sat, 13 Jan 2024 10:12:28 GMT
Content-Type: application/json
Transfer-Encoding: chunked
Connection: keep-alive
Access-Control-Allow-Origin: *
Access-Control-Allow-Methods: GET, POST, DELETE, PUT
Access-Control-Allow-Headers: Content-Type, api_key, Authorization
Server: Jetty(9.2.9.v20150224)

{
    "code": 200,
    "type": "unknown",
    "message": "821018"
}
HTTP/1.1 200 OK
Date: Sat, 13 Jan 2024 10:12:28 GMT
Content-Type: application/json
Transfer-Encoding: chunked
Connection: keep-alive
Access-Control-Allow-Origin: *
Access-Control-Allow-Methods: GET, POST, DELETE, PUT
Access-Control-Allow-Headers: Content-Type, api_key, Authorization
Server: Jetty(9.2.9.v20150224)

{
    "code": 200,
    "type": "unknown",
    "message": "821018"
}
]]></system-out>
  </testcase>
  <testcase name="createUsersWithArray" classname="tests.UserTests" time="3.694">
    <system-out><![CDATA[Request method:	POST
Request URI:	https://petstore.swagger.io/v2/user/createWithArray
Proxy:			<none>
Request params:	<none>
Query params:	<none>
Form params:	<none>
Path params:	<none>
Headers:		api_key=apiKey
				api_key=apiKey
				Accept=application/json
				api_key=apiKey
				Content-Type=application/json
Cookies:		<none>
Multiparts:		<none>
Body:
[
    {
        "id": 854542,
        "username": "CQMHHffhlc",
        "firstName": "WdMHmFMjMb",
        "lastName": "iEmKuBdNhU",
        "email": "qcdfdcy@gmail.com",
        "password": "sZmSTUJhKu",
        "phone": "8881161375",
        "userStatus": 14
    },
    {
        "id": 826769,
        "username": "ispJZWFPTb",
        "firstName": "zmqYSLyJSR",
        "lastName": "AhtVuNXYZE",
        "email": "dyiddcj@gmail.com",
        "password": "qnySvFogkE",
        "phone": "8219568367",
        "userStatus": 94
    },
    {
        "id": 267394,
        "username": "zCQJggmhgk",
        "firstName": "ZvkqSoRduz",
        "lastName": "TpAgnljHPR",
        "email": "ikyhobh@gmail.com",
        "password": "mqYJqKrsiY",
        "phone": "1815261139",
        "userStatus": 30
    }
]
Request method:	POST
Request URI:	https://petstore.swagger.io/v2/user/createWithArray
Proxy:			<none>
Request params:	<none>
Query params:	<none>
Form params:	<none>
Path params:	<none>
Headers:		api_key=apiKey
				api_key=apiKey
				Accept=application/json
				api_key=apiKey
				Content-Type=application/json
Cookies:		<none>
Multiparts:		<none>
Body:
[
    {
        "id": 854542,
        "username": "CQMHHffhlc",
        "firstName": "WdMHmFMjMb",
        "lastName": "iEmKuBdNhU",
        "email": "qcdfdcy@gmail.com",
        "password": "sZmSTUJhKu",
        "phone": "8881161375",
        "userStatus": 14
    },
    {
        "id": 826769,
        "username": "ispJZWFPTb",
        "firstName": "zmqYSLyJSR",
        "lastName": "AhtVuNXYZE",
        "email": "dyiddcj@gmail.com",
        "password": "qnySvFogkE",
        "phone": "8219568367",
        "userStatus": 94
    },
    {
        "id": 267394,
        "username": "zCQJggmhgk",
        "firstName": "ZvkqSoRduz",
        "lastName": "TpAgnljHPR",
        "email": "ikyhobh@gmail.com",
        "password": "mqYJqKrsiY",
        "phone": "1815261139",
        "userStatus": 30
    }
]
Request method:	POST
Request URI:	https://petstore.swagger.io/v2/user/createWithArray
Proxy:			<none>
Request params:	<none>
Query params:	<none>
Form params:	<none>
Path params:	<none>
Headers:		api_key=apiKey
				api_key=apiKey
				Accept=application/json
				api_key=apiKey
				Content-Type=application/json
Cookies:		<none>
Multiparts:		<none>
Body:
[
    {
        "id": 854542,
        "username": "CQMHHffhlc",
        "firstName": "WdMHmFMjMb",
        "lastName": "iEmKuBdNhU",
        "email": "qcdfdcy@gmail.com",
        "password": "sZmSTUJhKu",
        "phone": "8881161375",
        "userStatus": 14
    },
    {
        "id": 826769,
        "username": "ispJZWFPTb",
        "firstName": "zmqYSLyJSR",
        "lastName": "AhtVuNXYZE",
        "email": "dyiddcj@gmail.com",
        "password": "qnySvFogkE",
        "phone": "8219568367",
        "userStatus": 94
    },
    {
        "id": 267394,
        "username": "zCQJggmhgk",
        "firstName": "ZvkqSoRduz",
        "lastName": "TpAgnljHPR",
        "email": "ikyhobh@gmail.com",
        "password": "mqYJqKrsiY",
        "phone": "1815261139",
        "userStatus": 30
    }
]
HTTP/1.1 200 OK
Date: Sat, 13 Jan 2024 10:12:29 GMT
Content-Type: application/json
Transfer-Encoding: chunked
Connection: keep-alive
Access-Control-Allow-Origin: *
Access-Control-Allow-Methods: GET, POST, DELETE, PUT
Access-Control-Allow-Headers: Content-Type, api_key, Authorization
Server: Jetty(9.2.9.v20150224)

{
    "code": 200,
    "type": "unknown",
    "message": "ok"
}
HTTP/1.1 200 OK
Date: Sat, 13 Jan 2024 10:12:29 GMT
Content-Type: application/json
Transfer-Encoding: chunked
Connection: keep-alive
Access-Control-Allow-Origin: *
Access-Control-Allow-Methods: GET, POST, DELETE, PUT
Access-Control-Allow-Headers: Content-Type, api_key, Authorization
Server: Jetty(9.2.9.v20150224)

{
    "code": 200,
    "type": "unknown",
    "message": "ok"
}
HTTP/1.1 200 OK
Date: Sat, 13 Jan 2024 10:12:29 GMT
Content-Type: application/json
Transfer-Encoding: chunked
Connection: keep-alive
Access-Control-Allow-Origin: *
Access-Control-Allow-Methods: GET, POST, DELETE, PUT
Access-Control-Allow-Headers: Content-Type, api_key, Authorization
Server: Jetty(9.2.9.v20150224)

{
    "code": 200,
    "type": "unknown",
    "message": "ok"
}
Request method:	GET
Request URI:	https://petstore.swagger.io/v2/user/CQMHHffhlc
Proxy:			<none>
Request params:	<none>
Query params:	<none>
Form params:	<none>
Path params:	username=CQMHHffhlc
Headers:		api_key=apiKey
				api_key=apiKey
				Accept=application/json
				api_key=apiKey
				Content-Type=application/json
Cookies:		<none>
Multiparts:		<none>
Body:			<none>
Request method:	GET
Request URI:	https://petstore.swagger.io/v2/user/CQMHHffhlc
Proxy:			<none>
Request params:	<none>
Query params:	<none>
Form params:	<none>
Path params:	username=CQMHHffhlc
Headers:		api_key=apiKey
				api_key=apiKey
				Accept=application/json
				api_key=apiKey
				Content-Type=application/json
Cookies:		<none>
Multiparts:		<none>
Body:			<none>
Request method:	GET
Request URI:	https://petstore.swagger.io/v2/user/CQMHHffhlc
Proxy:			<none>
Request params:	<none>
Query params:	<none>
Form params:	<none>
Path params:	username=CQMHHffhlc
Headers:		api_key=apiKey
				api_key=apiKey
				Accept=application/json
				api_key=apiKey
				Content-Type=application/json
Cookies:		<none>
Multiparts:		<none>
Body:			<none>
HTTP/1.1 200 OK
Date: Sat, 13 Jan 2024 10:12:29 GMT
Content-Type: application/json
Transfer-Encoding: chunked
Connection: keep-alive
Access-Control-Allow-Origin: *
Access-Control-Allow-Methods: GET, POST, DELETE, PUT
Access-Control-Allow-Headers: Content-Type, api_key, Authorization
Server: Jetty(9.2.9.v20150224)

{
    "id": 854542,
    "username": "CQMHHffhlc",
    "firstName": "WdMHmFMjMb",
    "lastName": "iEmKuBdNhU",
    "email": "qcdfdcy@gmail.com",
    "password": "sZmSTUJhKu",
    "phone": "8881161375",
    "userStatus": 14
}
HTTP/1.1 200 OK
Date: Sat, 13 Jan 2024 10:12:29 GMT
Content-Type: application/json
Transfer-Encoding: chunked
Connection: keep-alive
Access-Control-Allow-Origin: *
Access-Control-Allow-Methods: GET, POST, DELETE, PUT
Access-Control-Allow-Headers: Content-Type, api_key, Authorization
Server: Jetty(9.2.9.v20150224)

{
    "id": 854542,
    "username": "CQMHHffhlc",
    "firstName": "WdMHmFMjMb",
    "lastName": "iEmKuBdNhU",
    "email": "qcdfdcy@gmail.com",
    "password": "sZmSTUJhKu",
    "phone": "8881161375",
    "userStatus": 14
}
HTTP/1.1 200 OK
Date: Sat, 13 Jan 2024 10:12:29 GMT
Content-Type: application/json
Transfer-Encoding: chunked
Connection: keep-alive
Access-Control-Allow-Origin: *
Access-Control-Allow-Methods: GET, POST, DELETE, PUT
Access-Control-Allow-Headers: Content-Type, api_key, Authorization
Server: Jetty(9.2.9.v20150224)

{
    "id": 854542,
    "username": "CQMHHffhlc",
    "firstName": "WdMHmFMjMb",
    "lastName": "iEmKuBdNhU",
    "email": "qcdfdcy@gmail.com",
    "password": "sZmSTUJhKu",
    "phone": "8881161375",
    "userStatus": 14
}
Request method:	GET
Request URI:	https://petstore.swagger.io/v2/user/ispJZWFPTb
Proxy:			<none>
Request params:	<none>
Query params:	<none>
Form params:	<none>
Path params:	username=ispJZWFPTb
Headers:		api_key=apiKey
				api_key=apiKey
				Accept=application/json
				api_key=apiKey
				Content-Type=application/json
Cookies:		<none>
Multiparts:		<none>
Body:			<none>
Request method:	GET
Request URI:	https://petstore.swagger.io/v2/user/ispJZWFPTb
Proxy:			<none>
Request params:	<none>
Query params:	<none>
Form params:	<none>
Path params:	username=ispJZWFPTb
Headers:		api_key=apiKey
				api_key=apiKey
				Accept=application/json
				api_key=apiKey
				Content-Type=application/json
Cookies:		<none>
Multiparts:		<none>
Body:			<none>
Request method:	GET
Request URI:	https://petstore.swagger.io/v2/user/ispJZWFPTb
Proxy:			<none>
Request params:	<none>
Query params:	<none>
Form params:	<none>
Path params:	username=ispJZWFPTb
Headers:		api_key=apiKey
				api_key=apiKey
				Accept=application/json
				api_key=apiKey
				Content-Type=application/json
Cookies:		<none>
Multiparts:		<none>
Body:			<none>
HTTP/1.1 200 OK
Date: Sat, 13 Jan 2024 10:12:30 GMT
Content-Type: application/json
Transfer-Encoding: chunked
Connection: keep-alive
Access-Control-Allow-Origin: *
Access-Control-Allow-Methods: GET, POST, DELETE, PUT
Access-Control-Allow-Headers: Content-Type, api_key, Authorization
Server: Jetty(9.2.9.v20150224)

{
    "id": 826769,
    "username": "ispJZWFPTb",
    "firstName": "zmqYSLyJSR",
    "lastName": "AhtVuNXYZE",
    "email": "dyiddcj@gmail.com",
    "password": "qnySvFogkE",
    "phone": "8219568367",
    "userStatus": 94
}
HTTP/1.1 200 OK
Date: Sat, 13 Jan 2024 10:12:30 GMT
Content-Type: application/json
Transfer-Encoding: chunked
Connection: keep-alive
Access-Control-Allow-Origin: *
Access-Control-Allow-Methods: GET, POST, DELETE, PUT
Access-Control-Allow-Headers: Content-Type, api_key, Authorization
Server: Jetty(9.2.9.v20150224)

{
    "id": 826769,
    "username": "ispJZWFPTb",
    "firstName": "zmqYSLyJSR",
    "lastName": "AhtVuNXYZE",
    "email": "dyiddcj@gmail.com",
    "password": "qnySvFogkE",
    "phone": "8219568367",
    "userStatus": 94
}
HTTP/1.1 200 OK
Date: Sat, 13 Jan 2024 10:12:30 GMT
Content-Type: application/json
Transfer-Encoding: chunked
Connection: keep-alive
Access-Control-Allow-Origin: *
Access-Control-Allow-Methods: GET, POST, DELETE, PUT
Access-Control-Allow-Headers: Content-Type, api_key, Authorization
Server: Jetty(9.2.9.v20150224)

{
    "id": 826769,
    "username": "ispJZWFPTb",
    "firstName": "zmqYSLyJSR",
    "lastName": "AhtVuNXYZE",
    "email": "dyiddcj@gmail.com",
    "password": "qnySvFogkE",
    "phone": "8219568367",
    "userStatus": 94
}
Request method:	GET
Request URI:	https://petstore.swagger.io/v2/user/zCQJggmhgk
Proxy:			<none>
Request params:	<none>
Query params:	<none>
Form params:	<none>
Path params:	username=zCQJggmhgk
Headers:		api_key=apiKey
				api_key=apiKey
				Accept=application/json
				api_key=apiKey
				Content-Type=application/json
Cookies:		<none>
Multiparts:		<none>
Body:			<none>
Request method:	GET
Request URI:	https://petstore.swagger.io/v2/user/zCQJggmhgk
Proxy:			<none>
Request params:	<none>
Query params:	<none>
Form params:	<none>
Path params:	username=zCQJggmhgk
Headers:		api_key=apiKey
				api_key=apiKey
				Accept=application/json
				api_key=apiKey
				Content-Type=application/json
Cookies:		<none>
Multiparts:		<none>
Body:			<none>
Request method:	GET
Request URI:	https://petstore.swagger.io/v2/user/zCQJggmhgk
Proxy:			<none>
Request params:	<none>
Query params:	<none>
Form params:	<none>
Path params:	username=zCQJggmhgk
Headers:		api_key=apiKey
				api_key=apiKey
				Accept=application/json
				api_key=apiKey
				Content-Type=application/json
Cookies:		<none>
Multiparts:		<none>
Body:			<none>
HTTP/1.1 200 OK
Date: Sat, 13 Jan 2024 10:12:31 GMT
Content-Type: application/json
Transfer-Encoding: chunked
Connection: keep-alive
Access-Control-Allow-Origin: *
Access-Control-Allow-Methods: GET, POST, DELETE, PUT
Access-Control-Allow-Headers: Content-Type, api_key, Authorization
Server: Jetty(9.2.9.v20150224)

{
    "id": 267394,
    "username": "zCQJggmhgk",
    "firstName": "ZvkqSoRduz",
    "lastName": "TpAgnljHPR",
    "email": "ikyhobh@gmail.com",
    "password": "mqYJqKrsiY",
    "phone": "1815261139",
    "userStatus": 30
}
HTTP/1.1 200 OK
Date: Sat, 13 Jan 2024 10:12:31 GMT
Content-Type: application/json
Transfer-Encoding: chunked
Connection: keep-alive
Access-Control-Allow-Origin: *
Access-Control-Allow-Methods: GET, POST, DELETE, PUT
Access-Control-Allow-Headers: Content-Type, api_key, Authorization
Server: Jetty(9.2.9.v20150224)

{
    "id": 267394,
    "username": "zCQJggmhgk",
    "firstName": "ZvkqSoRduz",
    "lastName": "TpAgnljHPR",
    "email": "ikyhobh@gmail.com",
    "password": "mqYJqKrsiY",
    "phone": "1815261139",
    "userStatus": 30
}
HTTP/1.1 200 OK
Date: Sat, 13 Jan 2024 10:12:31 GMT
Content-Type: application/json
Transfer-Encoding: chunked
Connection: keep-alive
Access-Control-Allow-Origin: *
Access-Control-Allow-Methods: GET, POST, DELETE, PUT
Access-Control-Allow-Headers: Content-Type, api_key, Authorization
Server: Jetty(9.2.9.v20150224)

{
    "id": 267394,
    "username": "zCQJggmhgk",
    "firstName": "ZvkqSoRduz",
    "lastName": "TpAgnljHPR",
    "email": "ikyhobh@gmail.com",
    "password": "mqYJqKrsiY",
    "phone": "1815261139",
    "userStatus": 30
}
]]></system-out>
  </testcase>
  <testcase name="createUsersWithList" classname="tests.UserTests" time="4.099">
    <system-out><![CDATA[Request method:	POST
Request URI:	https://petstore.swagger.io/v2/user/createWithList
Proxy:			<none>
Request params:	<none>
Query params:	<none>
Form params:	<none>
Path params:	<none>
Headers:		api_key=apiKey
				api_key=apiKey
				Accept=application/json
				api_key=apiKey
				Content-Type=application/json
Cookies:		<none>
Multiparts:		<none>
Body:
[
    {
        "id": 308948,
        "username": "xbhpAinGAa",
        "firstName": "UZniRrGAGH",
        "lastName": "VQJHjHEjss",
        "email": "rtooqkv@gmail.com",
        "password": "iCkLgQAiqC",
        "phone": "8221955364",
        "userStatus": 48
    },
    {
        "id": 922075,
        "username": "hFajErLKdP",
        "firstName": "topUBkOLbM",
        "lastName": "fdZTPbgRJh",
        "email": "jbjmhrj@gmail.com",
        "password": "MBGcggruSs",
        "phone": "5776422922",
        "userStatus": 77
    },
    {
        "id": 374405,
        "username": "IqEiqmmAXe",
        "firstName": "OoCQauJeNS",
        "lastName": "pDgMpWycuK",
        "email": "kxfdbeh@gmail.com",
        "password": "DMCZVpFmRC",
        "phone": "7757593561",
        "userStatus": 9
    }
]
Request method:	POST
Request URI:	https://petstore.swagger.io/v2/user/createWithList
Proxy:			<none>
Request params:	<none>
Query params:	<none>
Form params:	<none>
Path params:	<none>
Headers:		api_key=apiKey
				api_key=apiKey
				Accept=application/json
				api_key=apiKey
				Content-Type=application/json
Cookies:		<none>
Multiparts:		<none>
Body:
[
    {
        "id": 308948,
        "username": "xbhpAinGAa",
        "firstName": "UZniRrGAGH",
        "lastName": "VQJHjHEjss",
        "email": "rtooqkv@gmail.com",
        "password": "iCkLgQAiqC",
        "phone": "8221955364",
        "userStatus": 48
    },
    {
        "id": 922075,
        "username": "hFajErLKdP",
        "firstName": "topUBkOLbM",
        "lastName": "fdZTPbgRJh",
        "email": "jbjmhrj@gmail.com",
        "password": "MBGcggruSs",
        "phone": "5776422922",
        "userStatus": 77
    },
    {
        "id": 374405,
        "username": "IqEiqmmAXe",
        "firstName": "OoCQauJeNS",
        "lastName": "pDgMpWycuK",
        "email": "kxfdbeh@gmail.com",
        "password": "DMCZVpFmRC",
        "phone": "7757593561",
        "userStatus": 9
    }
]
Request method:	POST
Request URI:	https://petstore.swagger.io/v2/user/createWithList
Proxy:			<none>
Request params:	<none>
Query params:	<none>
Form params:	<none>
Path params:	<none>
Headers:		api_key=apiKey
				api_key=apiKey
				Accept=application/json
				api_key=apiKey
				Content-Type=application/json
Cookies:		<none>
Multiparts:		<none>
Body:
[
    {
        "id": 308948,
        "username": "xbhpAinGAa",
        "firstName": "UZniRrGAGH",
        "lastName": "VQJHjHEjss",
        "email": "rtooqkv@gmail.com",
        "password": "iCkLgQAiqC",
        "phone": "8221955364",
        "userStatus": 48
    },
    {
        "id": 922075,
        "username": "hFajErLKdP",
        "firstName": "topUBkOLbM",
        "lastName": "fdZTPbgRJh",
        "email": "jbjmhrj@gmail.com",
        "password": "MBGcggruSs",
        "phone": "5776422922",
        "userStatus": 77
    },
    {
        "id": 374405,
        "username": "IqEiqmmAXe",
        "firstName": "OoCQauJeNS",
        "lastName": "pDgMpWycuK",
        "email": "kxfdbeh@gmail.com",
        "password": "DMCZVpFmRC",
        "phone": "7757593561",
        "userStatus": 9
    }
]
HTTP/1.1 200 OK
Date: Sat, 13 Jan 2024 10:12:32 GMT
Content-Type: application/json
Transfer-Encoding: chunked
Connection: keep-alive
Access-Control-Allow-Origin: *
Access-Control-Allow-Methods: GET, POST, DELETE, PUT
Access-Control-Allow-Headers: Content-Type, api_key, Authorization
Server: Jetty(9.2.9.v20150224)

{
    "code": 200,
    "type": "unknown",
    "message": "ok"
}
HTTP/1.1 200 OK
Date: Sat, 13 Jan 2024 10:12:32 GMT
Content-Type: application/json
Transfer-Encoding: chunked
Connection: keep-alive
Access-Control-Allow-Origin: *
Access-Control-Allow-Methods: GET, POST, DELETE, PUT
Access-Control-Allow-Headers: Content-Type, api_key, Authorization
Server: Jetty(9.2.9.v20150224)

{
    "code": 200,
    "type": "unknown",
    "message": "ok"
}
HTTP/1.1 200 OK
Date: Sat, 13 Jan 2024 10:12:32 GMT
Content-Type: application/json
Transfer-Encoding: chunked
Connection: keep-alive
Access-Control-Allow-Origin: *
Access-Control-Allow-Methods: GET, POST, DELETE, PUT
Access-Control-Allow-Headers: Content-Type, api_key, Authorization
Server: Jetty(9.2.9.v20150224)

{
    "code": 200,
    "type": "unknown",
    "message": "ok"
}
Request method:	GET
Request URI:	https://petstore.swagger.io/v2/user/xbhpAinGAa
Proxy:			<none>
Request params:	<none>
Query params:	<none>
Form params:	<none>
Path params:	username=xbhpAinGAa
Headers:		api_key=apiKey
				api_key=apiKey
				Accept=application/json
				api_key=apiKey
				Content-Type=application/json
Cookies:		<none>
Multiparts:		<none>
Body:			<none>
Request method:	GET
Request URI:	https://petstore.swagger.io/v2/user/xbhpAinGAa
Proxy:			<none>
Request params:	<none>
Query params:	<none>
Form params:	<none>
Path params:	username=xbhpAinGAa
Headers:		api_key=apiKey
				api_key=apiKey
				Accept=application/json
				api_key=apiKey
				Content-Type=application/json
Cookies:		<none>
Multiparts:		<none>
Body:			<none>
Request method:	GET
Request URI:	https://petstore.swagger.io/v2/user/xbhpAinGAa
Proxy:			<none>
Request params:	<none>
Query params:	<none>
Form params:	<none>
Path params:	username=xbhpAinGAa
Headers:		api_key=apiKey
				api_key=apiKey
				Accept=application/json
				api_key=apiKey
				Content-Type=application/json
Cookies:		<none>
Multiparts:		<none>
Body:			<none>
HTTP/1.1 200 OK
Date: Sat, 13 Jan 2024 10:12:33 GMT
Content-Type: application/json
Transfer-Encoding: chunked
Connection: keep-alive
Access-Control-Allow-Origin: *
Access-Control-Allow-Methods: GET, POST, DELETE, PUT
Access-Control-Allow-Headers: Content-Type, api_key, Authorization
Server: Jetty(9.2.9.v20150224)

{
    "id": 308948,
    "username": "xbhpAinGAa",
    "firstName": "UZniRrGAGH",
    "lastName": "VQJHjHEjss",
    "email": "rtooqkv@gmail.com",
    "password": "iCkLgQAiqC",
    "phone": "8221955364",
    "userStatus": 48
}
HTTP/1.1 200 OK
Date: Sat, 13 Jan 2024 10:12:33 GMT
Content-Type: application/json
Transfer-Encoding: chunked
Connection: keep-alive
Access-Control-Allow-Origin: *
Access-Control-Allow-Methods: GET, POST, DELETE, PUT
Access-Control-Allow-Headers: Content-Type, api_key, Authorization
Server: Jetty(9.2.9.v20150224)

{
    "id": 308948,
    "username": "xbhpAinGAa",
    "firstName": "UZniRrGAGH",
    "lastName": "VQJHjHEjss",
    "email": "rtooqkv@gmail.com",
    "password": "iCkLgQAiqC",
    "phone": "8221955364",
    "userStatus": 48
}
HTTP/1.1 200 OK
Date: Sat, 13 Jan 2024 10:12:33 GMT
Content-Type: application/json
Transfer-Encoding: chunked
Connection: keep-alive
Access-Control-Allow-Origin: *
Access-Control-Allow-Methods: GET, POST, DELETE, PUT
Access-Control-Allow-Headers: Content-Type, api_key, Authorization
Server: Jetty(9.2.9.v20150224)

{
    "id": 308948,
    "username": "xbhpAinGAa",
    "firstName": "UZniRrGAGH",
    "lastName": "VQJHjHEjss",
    "email": "rtooqkv@gmail.com",
    "password": "iCkLgQAiqC",
    "phone": "8221955364",
    "userStatus": 48
}
Request method:	GET
Request URI:	https://petstore.swagger.io/v2/user/hFajErLKdP
Proxy:			<none>
Request params:	<none>
Query params:	<none>
Form params:	<none>
Path params:	username=hFajErLKdP
Headers:		api_key=apiKey
				api_key=apiKey
				Accept=application/json
				api_key=apiKey
				Content-Type=application/json
Cookies:		<none>
Multiparts:		<none>
Body:			<none>
Request method:	GET
Request URI:	https://petstore.swagger.io/v2/user/hFajErLKdP
Proxy:			<none>
Request params:	<none>
Query params:	<none>
Form params:	<none>
Path params:	username=hFajErLKdP
Headers:		api_key=apiKey
				api_key=apiKey
				Accept=application/json
				api_key=apiKey
				Content-Type=application/json
Cookies:		<none>
Multiparts:		<none>
Body:			<none>
Request method:	GET
Request URI:	https://petstore.swagger.io/v2/user/hFajErLKdP
Proxy:			<none>
Request params:	<none>
Query params:	<none>
Form params:	<none>
Path params:	username=hFajErLKdP
Headers:		api_key=apiKey
				api_key=apiKey
				Accept=application/json
				api_key=apiKey
				Content-Type=application/json
Cookies:		<none>
Multiparts:		<none>
Body:			<none>
HTTP/1.1 200 OK
Date: Sat, 13 Jan 2024 10:12:34 GMT
Content-Type: application/json
Transfer-Encoding: chunked
Connection: keep-alive
Access-Control-Allow-Origin: *
Access-Control-Allow-Methods: GET, POST, DELETE, PUT
Access-Control-Allow-Headers: Content-Type, api_key, Authorization
Server: Jetty(9.2.9.v20150224)

{
    "id": 922075,
    "username": "hFajErLKdP",
    "firstName": "topUBkOLbM",
    "lastName": "fdZTPbgRJh",
    "email": "jbjmhrj@gmail.com",
    "password": "MBGcggruSs",
    "phone": "5776422922",
    "userStatus": 77
}
HTTP/1.1 200 OK
Date: Sat, 13 Jan 2024 10:12:34 GMT
Content-Type: application/json
Transfer-Encoding: chunked
Connection: keep-alive
Access-Control-Allow-Origin: *
Access-Control-Allow-Methods: GET, POST, DELETE, PUT
Access-Control-Allow-Headers: Content-Type, api_key, Authorization
Server: Jetty(9.2.9.v20150224)

{
    "id": 922075,
    "username": "hFajErLKdP",
    "firstName": "topUBkOLbM",
    "lastName": "fdZTPbgRJh",
    "email": "jbjmhrj@gmail.com",
    "password": "MBGcggruSs",
    "phone": "5776422922",
    "userStatus": 77
}
HTTP/1.1 200 OK
Date: Sat, 13 Jan 2024 10:12:34 GMT
Content-Type: application/json
Transfer-Encoding: chunked
Connection: keep-alive
Access-Control-Allow-Origin: *
Access-Control-Allow-Methods: GET, POST, DELETE, PUT
Access-Control-Allow-Headers: Content-Type, api_key, Authorization
Server: Jetty(9.2.9.v20150224)

{
    "id": 922075,
    "username": "hFajErLKdP",
    "firstName": "topUBkOLbM",
    "lastName": "fdZTPbgRJh",
    "email": "jbjmhrj@gmail.com",
    "password": "MBGcggruSs",
    "phone": "5776422922",
    "userStatus": 77
}
Request method:	GET
Request URI:	https://petstore.swagger.io/v2/user/IqEiqmmAXe
Proxy:			<none>
Request params:	<none>
Query params:	<none>
Form params:	<none>
Path params:	username=IqEiqmmAXe
Headers:		api_key=apiKey
				api_key=apiKey
				Accept=application/json
				api_key=apiKey
				Content-Type=application/json
Cookies:		<none>
Multiparts:		<none>
Body:			<none>
Request method:	GET
Request URI:	https://petstore.swagger.io/v2/user/IqEiqmmAXe
Proxy:			<none>
Request params:	<none>
Query params:	<none>
Form params:	<none>
Path params:	username=IqEiqmmAXe
Headers:		api_key=apiKey
				api_key=apiKey
				Accept=application/json
				api_key=apiKey
				Content-Type=application/json
Cookies:		<none>
Multiparts:		<none>
Body:			<none>
Request method:	GET
Request URI:	https://petstore.swagger.io/v2/user/IqEiqmmAXe
Proxy:			<none>
Request params:	<none>
Query params:	<none>
Form params:	<none>
Path params:	username=IqEiqmmAXe
Headers:		api_key=apiKey
				api_key=apiKey
				Accept=application/json
				api_key=apiKey
				Content-Type=application/json
Cookies:		<none>
Multiparts:		<none>
Body:			<none>
HTTP/1.1 200 OK
Date: Sat, 13 Jan 2024 10:12:35 GMT
Content-Type: application/json
Transfer-Encoding: chunked
Connection: keep-alive
Access-Control-Allow-Origin: *
Access-Control-Allow-Methods: GET, POST, DELETE, PUT
Access-Control-Allow-Headers: Content-Type, api_key, Authorization
Server: Jetty(9.2.9.v20150224)

{
    "id": 374405,
    "username": "IqEiqmmAXe",
    "firstName": "OoCQauJeNS",
    "lastName": "pDgMpWycuK",
    "email": "kxfdbeh@gmail.com",
    "password": "DMCZVpFmRC",
    "phone": "7757593561",
    "userStatus": 9
}
HTTP/1.1 200 OK
Date: Sat, 13 Jan 2024 10:12:35 GMT
Content-Type: application/json
Transfer-Encoding: chunked
Connection: keep-alive
Access-Control-Allow-Origin: *
Access-Control-Allow-Methods: GET, POST, DELETE, PUT
Access-Control-Allow-Headers: Content-Type, api_key, Authorization
Server: Jetty(9.2.9.v20150224)

{
    "id": 374405,
    "username": "IqEiqmmAXe",
    "firstName": "OoCQauJeNS",
    "lastName": "pDgMpWycuK",
    "email": "kxfdbeh@gmail.com",
    "password": "DMCZVpFmRC",
    "phone": "7757593561",
    "userStatus": 9
}
HTTP/1.1 200 OK
Date: Sat, 13 Jan 2024 10:12:35 GMT
Content-Type: application/json
Transfer-Encoding: chunked
Connection: keep-alive
Access-Control-Allow-Origin: *
Access-Control-Allow-Methods: GET, POST, DELETE, PUT
Access-Control-Allow-Headers: Content-Type, api_key, Authorization
Server: Jetty(9.2.9.v20150224)

{
    "id": 374405,
    "username": "IqEiqmmAXe",
    "firstName": "OoCQauJeNS",
    "lastName": "pDgMpWycuK",
    "email": "kxfdbeh@gmail.com",
    "password": "DMCZVpFmRC",
    "phone": "7757593561",
    "userStatus": 9
}
]]></system-out>
  </testcase>
  <testcase name="getUserByUsername" classname="tests.UserTests" time="1.015">
    <system-out><![CDATA[Request method:	GET
Request URI:	https://petstore.swagger.io/v2/user/veEMuBBaOI
Proxy:			<none>
Request params:	<none>
Query params:	<none>
Form params:	<none>
Path params:	username=veEMuBBaOI
Headers:		api_key=apiKey
				api_key=apiKey
				Accept=application/json
				api_key=apiKey
				Content-Type=application/json
Cookies:		<none>
Multiparts:		<none>
Body:			<none>
Request method:	GET
Request URI:	https://petstore.swagger.io/v2/user/veEMuBBaOI
Proxy:			<none>
Request params:	<none>
Query params:	<none>
Form params:	<none>
Path params:	username=veEMuBBaOI
Headers:		api_key=apiKey
				api_key=apiKey
				Accept=application/json
				api_key=apiKey
				Content-Type=application/json
Cookies:		<none>
Multiparts:		<none>
Body:			<none>
Request method:	GET
Request URI:	https://petstore.swagger.io/v2/user/veEMuBBaOI
Proxy:			<none>
Request params:	<none>
Query params:	<none>
Form params:	<none>
Path params:	username=veEMuBBaOI
Headers:		api_key=apiKey
				api_key=apiKey
				Accept=application/json
				api_key=apiKey
				Content-Type=application/json
Cookies:		<none>
Multiparts:		<none>
Body:			<none>
HTTP/1.1 200 OK
Date: Sat, 13 Jan 2024 10:12:37 GMT
Content-Type: application/json
Transfer-Encoding: chunked
Connection: keep-alive
Access-Control-Allow-Origin: *
Access-Control-Allow-Methods: GET, POST, DELETE, PUT
Access-Control-Allow-Headers: Content-Type, api_key, Authorization
Server: Jetty(9.2.9.v20150224)

{
    "id": 821018,
    "username": "veEMuBBaOI",
    "firstName": "LIdVsCrFWg",
    "lastName": "xZbdXfDTzJ",
    "email": "jfbfxls@gmail.com",
    "password": "mDnmsTScFj",
    "phone": "2752415754",
    "userStatus": 96
}
HTTP/1.1 200 OK
Date: Sat, 13 Jan 2024 10:12:37 GMT
Content-Type: application/json
Transfer-Encoding: chunked
Connection: keep-alive
Access-Control-Allow-Origin: *
Access-Control-Allow-Methods: GET, POST, DELETE, PUT
Access-Control-Allow-Headers: Content-Type, api_key, Authorization
Server: Jetty(9.2.9.v20150224)

{
    "id": 821018,
    "username": "veEMuBBaOI",
    "firstName": "LIdVsCrFWg",
    "lastName": "xZbdXfDTzJ",
    "email": "jfbfxls@gmail.com",
    "password": "mDnmsTScFj",
    "phone": "2752415754",
    "userStatus": 96
}
HTTP/1.1 200 OK
Date: Sat, 13 Jan 2024 10:12:37 GMT
Content-Type: application/json
Transfer-Encoding: chunked
Connection: keep-alive
Access-Control-Allow-Origin: *
Access-Control-Allow-Methods: GET, POST, DELETE, PUT
Access-Control-Allow-Headers: Content-Type, api_key, Authorization
Server: Jetty(9.2.9.v20150224)

{
    "id": 821018,
    "username": "veEMuBBaOI",
    "firstName": "LIdVsCrFWg",
    "lastName": "xZbdXfDTzJ",
    "email": "jfbfxls@gmail.com",
    "password": "mDnmsTScFj",
    "phone": "2752415754",
    "userStatus": 96
}
]]></system-out>
  </testcase>
  <testcase name="updateUserEmailAddress" classname="tests.UserTests" time="1.947">
    <system-out><![CDATA[Request method:	PUT
Request URI:	https://petstore.swagger.io/v2/user/veEMuBBaOI
Proxy:			<none>
Request params:	<none>
Query params:	<none>
Form params:	<none>
Path params:	username=veEMuBBaOI
Headers:		api_key=apiKey
				api_key=apiKey
				Accept=application/json
				api_key=apiKey
				Content-Type=application/json
Cookies:		<none>
Multiparts:		<none>
Body:
{
    "id": 821018,
    "username": "veEMuBBaOI",
    "firstName": "LIdVsCrFWg",
    "lastName": "xZbdXfDTzJ",
    "email": "tjkcrbb@gmail.com",
    "password": "mDnmsTScFj",
    "phone": "2752415754",
    "userStatus": 96
}
Request method:	PUT
Request URI:	https://petstore.swagger.io/v2/user/veEMuBBaOI
Proxy:			<none>
Request params:	<none>
Query params:	<none>
Form params:	<none>
Path params:	username=veEMuBBaOI
Headers:		api_key=apiKey
				api_key=apiKey
				Accept=application/json
				api_key=apiKey
				Content-Type=application/json
Cookies:		<none>
Multiparts:		<none>
Body:
{
    "id": 821018,
    "username": "veEMuBBaOI",
    "firstName": "LIdVsCrFWg",
    "lastName": "xZbdXfDTzJ",
    "email": "tjkcrbb@gmail.com",
    "password": "mDnmsTScFj",
    "phone": "2752415754",
    "userStatus": 96
}
Request method:	PUT
Request URI:	https://petstore.swagger.io/v2/user/veEMuBBaOI
Proxy:			<none>
Request params:	<none>
Query params:	<none>
Form params:	<none>
Path params:	username=veEMuBBaOI
Headers:		api_key=apiKey
				api_key=apiKey
				Accept=application/json
				api_key=apiKey
				Content-Type=application/json
Cookies:		<none>
Multiparts:		<none>
Body:
{
    "id": 821018,
    "username": "veEMuBBaOI",
    "firstName": "LIdVsCrFWg",
    "lastName": "xZbdXfDTzJ",
    "email": "tjkcrbb@gmail.com",
    "password": "mDnmsTScFj",
    "phone": "2752415754",
    "userStatus": 96
}
HTTP/1.1 200 OK
Date: Sat, 13 Jan 2024 10:12:37 GMT
Content-Type: application/json
Transfer-Encoding: chunked
Connection: keep-alive
Access-Control-Allow-Origin: *
Access-Control-Allow-Methods: GET, POST, DELETE, PUT
Access-Control-Allow-Headers: Content-Type, api_key, Authorization
Server: Jetty(9.2.9.v20150224)

{
    "code": 200,
    "type": "unknown",
    "message": "821018"
}
HTTP/1.1 200 OK
Date: Sat, 13 Jan 2024 10:12:37 GMT
Content-Type: application/json
Transfer-Encoding: chunked
Connection: keep-alive
Access-Control-Allow-Origin: *
Access-Control-Allow-Methods: GET, POST, DELETE, PUT
Access-Control-Allow-Headers: Content-Type, api_key, Authorization
Server: Jetty(9.2.9.v20150224)

{
    "code": 200,
    "type": "unknown",
    "message": "821018"
}
HTTP/1.1 200 OK
Date: Sat, 13 Jan 2024 10:12:37 GMT
Content-Type: application/json
Transfer-Encoding: chunked
Connection: keep-alive
Access-Control-Allow-Origin: *
Access-Control-Allow-Methods: GET, POST, DELETE, PUT
Access-Control-Allow-Headers: Content-Type, api_key, Authorization
Server: Jetty(9.2.9.v20150224)

{
    "code": 200,
    "type": "unknown",
    "message": "821018"
}
Request method:	GET
Request URI:	https://petstore.swagger.io/v2/user/veEMuBBaOI
Proxy:			<none>
Request params:	<none>
Query params:	<none>
Form params:	<none>
Path params:	username=veEMuBBaOI
Headers:		api_key=apiKey
				api_key=apiKey
				Accept=application/json
				api_key=apiKey
				Content-Type=application/json
Cookies:		<none>
Multiparts:		<none>
Body:			<none>
Request method:	GET
Request URI:	https://petstore.swagger.io/v2/user/veEMuBBaOI
Proxy:			<none>
Request params:	<none>
Query params:	<none>
Form params:	<none>
Path params:	username=veEMuBBaOI
Headers:		api_key=apiKey
				api_key=apiKey
				Accept=application/json
				api_key=apiKey
				Content-Type=application/json
Cookies:		<none>
Multiparts:		<none>
Body:			<none>
Request method:	GET
Request URI:	https://petstore.swagger.io/v2/user/veEMuBBaOI
Proxy:			<none>
Request params:	<none>
Query params:	<none>
Form params:	<none>
Path params:	username=veEMuBBaOI
Headers:		api_key=apiKey
				api_key=apiKey
				Accept=application/json
				api_key=apiKey
				Content-Type=application/json
Cookies:		<none>
Multiparts:		<none>
Body:			<none>
HTTP/1.1 200 OK
Date: Sat, 13 Jan 2024 10:12:38 GMT
Content-Type: application/json
Transfer-Encoding: chunked
Connection: keep-alive
Access-Control-Allow-Origin: *
Access-Control-Allow-Methods: GET, POST, DELETE, PUT
Access-Control-Allow-Headers: Content-Type, api_key, Authorization
Server: Jetty(9.2.9.v20150224)

{
    "id": 821018,
    "username": "veEMuBBaOI",
    "firstName": "LIdVsCrFWg",
    "lastName": "xZbdXfDTzJ",
    "email": "tjkcrbb@gmail.com",
    "password": "mDnmsTScFj",
    "phone": "2752415754",
    "userStatus": 96
}
HTTP/1.1 200 OK
Date: Sat, 13 Jan 2024 10:12:38 GMT
Content-Type: application/json
Transfer-Encoding: chunked
Connection: keep-alive
Access-Control-Allow-Origin: *
Access-Control-Allow-Methods: GET, POST, DELETE, PUT
Access-Control-Allow-Headers: Content-Type, api_key, Authorization
Server: Jetty(9.2.9.v20150224)

{
    "id": 821018,
    "username": "veEMuBBaOI",
    "firstName": "LIdVsCrFWg",
    "lastName": "xZbdXfDTzJ",
    "email": "tjkcrbb@gmail.com",
    "password": "mDnmsTScFj",
    "phone": "2752415754",
    "userStatus": 96
}
HTTP/1.1 200 OK
Date: Sat, 13 Jan 2024 10:12:38 GMT
Content-Type: application/json
Transfer-Encoding: chunked
Connection: keep-alive
Access-Control-Allow-Origin: *
Access-Control-Allow-Methods: GET, POST, DELETE, PUT
Access-Control-Allow-Headers: Content-Type, api_key, Authorization
Server: Jetty(9.2.9.v20150224)

{
    "id": 821018,
    "username": "veEMuBBaOI",
    "firstName": "LIdVsCrFWg",
    "lastName": "xZbdXfDTzJ",
    "email": "tjkcrbb@gmail.com",
    "password": "mDnmsTScFj",
    "phone": "2752415754",
    "userStatus": 96
}
]]></system-out>
  </testcase>
  <testcase name="deleteUser" classname="tests.UserTests" time="1.845">
    <system-out><![CDATA[Request method:	DELETE
Request URI:	https://petstore.swagger.io/v2/user/veEMuBBaOI
Proxy:			<none>
Request params:	<none>
Query params:	<none>
Form params:	<none>
Path params:	username=veEMuBBaOI
Headers:		api_key=apiKey
				api_key=apiKey
				Accept=application/json
				api_key=apiKey
				Content-Type=application/json
Cookies:		<none>
Multiparts:		<none>
Body:			<none>
Request method:	DELETE
Request URI:	https://petstore.swagger.io/v2/user/veEMuBBaOI
Proxy:			<none>
Request params:	<none>
Query params:	<none>
Form params:	<none>
Path params:	username=veEMuBBaOI
Headers:		api_key=apiKey
				api_key=apiKey
				Accept=application/json
				api_key=apiKey
				Content-Type=application/json
Cookies:		<none>
Multiparts:		<none>
Body:			<none>
Request method:	DELETE
Request URI:	https://petstore.swagger.io/v2/user/veEMuBBaOI
Proxy:			<none>
Request params:	<none>
Query params:	<none>
Form params:	<none>
Path params:	username=veEMuBBaOI
Headers:		api_key=apiKey
				api_key=apiKey
				Accept=application/json
				api_key=apiKey
				Content-Type=application/json
Cookies:		<none>
Multiparts:		<none>
Body:			<none>
HTTP/1.1 200 OK
Date: Sat, 13 Jan 2024 10:12:39 GMT
Content-Type: application/json
Transfer-Encoding: chunked
Connection: keep-alive
Access-Control-Allow-Origin: *
Access-Control-Allow-Methods: GET, POST, DELETE, PUT
Access-Control-Allow-Headers: Content-Type, api_key, Authorization
Server: Jetty(9.2.9.v20150224)

{
    "code": 200,
    "type": "unknown",
    "message": "veEMuBBaOI"
}
HTTP/1.1 200 OK
Date: Sat, 13 Jan 2024 10:12:39 GMT
Content-Type: application/json
Transfer-Encoding: chunked
Connection: keep-alive
Access-Control-Allow-Origin: *
Access-Control-Allow-Methods: GET, POST, DELETE, PUT
Access-Control-Allow-Headers: Content-Type, api_key, Authorization
Server: Jetty(9.2.9.v20150224)

{
    "code": 200,
    "type": "unknown",
    "message": "veEMuBBaOI"
}
HTTP/1.1 200 OK
Date: Sat, 13 Jan 2024 10:12:39 GMT
Content-Type: application/json
Transfer-Encoding: chunked
Connection: keep-alive
Access-Control-Allow-Origin: *
Access-Control-Allow-Methods: GET, POST, DELETE, PUT
Access-Control-Allow-Headers: Content-Type, api_key, Authorization
Server: Jetty(9.2.9.v20150224)

{
    "code": 200,
    "type": "unknown",
    "message": "veEMuBBaOI"
}
Request method:	GET
Request URI:	https://petstore.swagger.io/v2/user/veEMuBBaOI
Proxy:			<none>
Request params:	<none>
Query params:	<none>
Form params:	<none>
Path params:	username=veEMuBBaOI
Headers:		api_key=apiKey
				api_key=apiKey
				Accept=application/json
				api_key=apiKey
				Content-Type=application/json
Cookies:		<none>
Multiparts:		<none>
Body:			<none>
Request method:	GET
Request URI:	https://petstore.swagger.io/v2/user/veEMuBBaOI
Proxy:			<none>
Request params:	<none>
Query params:	<none>
Form params:	<none>
Path params:	username=veEMuBBaOI
Headers:		api_key=apiKey
				api_key=apiKey
				Accept=application/json
				api_key=apiKey
				Content-Type=application/json
Cookies:		<none>
Multiparts:		<none>
Body:			<none>
Request method:	GET
Request URI:	https://petstore.swagger.io/v2/user/veEMuBBaOI
Proxy:			<none>
Request params:	<none>
Query params:	<none>
Form params:	<none>
Path params:	username=veEMuBBaOI
Headers:		api_key=apiKey
				api_key=apiKey
				Accept=application/json
				api_key=apiKey
				Content-Type=application/json
Cookies:		<none>
Multiparts:		<none>
Body:			<none>
HTTP/1.1 404 Not Found
Date: Sat, 13 Jan 2024 10:12:40 GMT
Content-Type: application/json
Transfer-Encoding: chunked
Connection: keep-alive
Access-Control-Allow-Origin: *
Access-Control-Allow-Methods: GET, POST, DELETE, PUT
Access-Control-Allow-Headers: Content-Type, api_key, Authorization
Server: Jetty(9.2.9.v20150224)

{
    "code": 1,
    "type": "error",
    "message": "User not found"
}
HTTP/1.1 404 Not Found
Date: Sat, 13 Jan 2024 10:12:40 GMT
Content-Type: application/json
Transfer-Encoding: chunked
Connection: keep-alive
Access-Control-Allow-Origin: *
Access-Control-Allow-Methods: GET, POST, DELETE, PUT
Access-Control-Allow-Headers: Content-Type, api_key, Authorization
Server: Jetty(9.2.9.v20150224)

{
    "code": 1,
    "type": "error",
    "message": "User not found"
}
HTTP/1.1 404 Not Found
Date: Sat, 13 Jan 2024 10:12:40 GMT
Content-Type: application/json
Transfer-Encoding: chunked
Connection: keep-alive
Access-Control-Allow-Origin: *
Access-Control-Allow-Methods: GET, POST, DELETE, PUT
Access-Control-Allow-Headers: Content-Type, api_key, Authorization
Server: Jetty(9.2.9.v20150224)

{
    "code": 1,
    "type": "error",
    "message": "User not found"
}
]]></system-out>
  </testcase>
  <testcase name="logout" classname="tests.UserTests" time="1.021">
    <system-out><![CDATA[Request method:	GET
Request URI:	https://petstore.swagger.io/v2/user/logout?username=test&password=abc123
Proxy:			<none>
Request params:	<none>
Query params:	username=test
				password=abc123
Form params:	<none>
Path params:	<none>
Headers:		api_key=apiKey
				api_key=apiKey
				Accept=application/json
				api_key=apiKey
				Content-Type=application/json
Cookies:		<none>
Multiparts:		<none>
Body:			<none>
Request method:	GET
Request URI:	https://petstore.swagger.io/v2/user/logout?username=test&password=abc123
Proxy:			<none>
Request params:	<none>
Query params:	username=test
				password=abc123
Form params:	<none>
Path params:	<none>
Headers:		api_key=apiKey
				api_key=apiKey
				Accept=application/json
				api_key=apiKey
				Content-Type=application/json
Cookies:		<none>
Multiparts:		<none>
Body:			<none>
Request method:	GET
Request URI:	https://petstore.swagger.io/v2/user/logout?username=test&password=abc123
Proxy:			<none>
Request params:	<none>
Query params:	username=test
				password=abc123
Form params:	<none>
Path params:	<none>
Headers:		api_key=apiKey
				api_key=apiKey
				Accept=application/json
				api_key=apiKey
				Content-Type=application/json
Cookies:		<none>
Multiparts:		<none>
Body:			<none>
HTTP/1.1 200 OK
Date: Sat, 13 Jan 2024 10:12:41 GMT
Content-Type: application/json
Transfer-Encoding: chunked
Connection: keep-alive
Access-Control-Allow-Origin: *
Access-Control-Allow-Methods: GET, POST, DELETE, PUT
Access-Control-Allow-Headers: Content-Type, api_key, Authorization
Server: Jetty(9.2.9.v20150224)

{
    "code": 200,
    "type": "unknown",
    "message": "ok"
}
HTTP/1.1 200 OK
Date: Sat, 13 Jan 2024 10:12:41 GMT
Content-Type: application/json
Transfer-Encoding: chunked
Connection: keep-alive
Access-Control-Allow-Origin: *
Access-Control-Allow-Methods: GET, POST, DELETE, PUT
Access-Control-Allow-Headers: Content-Type, api_key, Authorization
Server: Jetty(9.2.9.v20150224)

{
    "code": 200,
    "type": "unknown",
    "message": "ok"
}
HTTP/1.1 200 OK
Date: Sat, 13 Jan 2024 10:12:41 GMT
Content-Type: application/json
Transfer-Encoding: chunked
Connection: keep-alive
Access-Control-Allow-Origin: *
Access-Control-Allow-Methods: GET, POST, DELETE, PUT
Access-Control-Allow-Headers: Content-Type, api_key, Authorization
Server: Jetty(9.2.9.v20150224)

{
    "code": 200,
    "type": "unknown",
    "message": "ok"
}
]]></system-out>
  </testcase>
</testsuite>