<?xml version="1.0" encoding="UTF-8"?>
<!-- Generated by org.testng.reporters.JUnitReportReporter -->
<testsuite hostname="amalia-Vostro-15-3530" failures="0" tests="4" name="tests.StoreTests" time="3.991" errors="0" timestamp="2024-01-13T12:12:41 EET" skipped="0">
  <testcase classname="tests.StoreTests" name="getStoreInventory" time="0.920"/>
  <system-out/>
  <testcase classname="tests.StoreTests" name="placeOrder" time="1.041"/>
  <system-out/>
  <testcase classname="tests.StoreTests" name="findPurchaseOrderById" time="1.014"/>
  <system-out/>
  <testcase classname="tests.StoreTests" name="deletePurchaseOrderById" time="1.016"/>
  <system-out/>
</testsuite> <!-- tests.StoreTests -->
