<?xml version="1.0" encoding="UTF-8"?>
<!-- Generated by org.testng.reporters.JUnitReportReporter -->
<testsuite hostname="amalia-Vostro-15-3530" failures="0" tests="4" name="tests.StoreTests" time="3.990" errors="0" timestamp="2024-01-13T12:07:40 EET" skipped="0">
  <testcase classname="tests.StoreTests" name="getStoreInventory" time="1.021"/>
  <system-out/>
  <testcase classname="tests.StoreTests" name="placeOrder" time="1.033"/>
  <system-out/>
  <testcase classname="tests.StoreTests" name="findPurchaseOrderById" time="1.024"/>
  <system-out/>
  <testcase classname="tests.StoreTests" name="deletePurchaseOrderById" time="0.912"/>
  <system-out/>
</testsuite> <!-- tests.StoreTests -->
