<?xml version="1.0" encoding="UTF-8"?>
<!-- Generated by org.testng.reporters.JUnitReportReporter -->
<testsuite hostname="amalia-Vostro-15-3530" failures="0" tests="8" name="tests.UserTests" time="15.559" errors="0" timestamp="2024-01-13T12:12:41 EET" skipped="0">
  <testcase classname="tests.UserTests" name="login" time="0.922"/>
  <system-out/>
  <testcase classname="tests.UserTests" name="createUsersWithList" time="4.095"/>
  <system-out/>
  <testcase classname="tests.UserTests" name="createUsersWithArray" time="3.684"/>
  <system-out/>
  <testcase classname="tests.UserTests" name="createUser" time="1.020"/>
  <system-out/>
  <testcase classname="tests.UserTests" name="updateUserEmailAddress" time="1.944"/>
  <system-out/>
  <testcase classname="tests.UserTests" name="getUserByUsername" time="1.029"/>
  <system-out/>
  <testcase classname="tests.UserTests" name="deleteUser" time="1.843"/>
  <system-out/>
  <testcase classname="tests.UserTests" name="logout" time="1.022"/>
  <system-out/>
</testsuite> <!-- tests.UserTests -->
