<?xml version="1.0" encoding="UTF-8"?>
<!-- Generated by org.testng.reporters.JUnitReportReporter -->
<testsuite hostname="amalia-Vostro-15-3530" failures="0" tests="8" name="tests.UserTests" time="16.172" errors="0" timestamp="2024-01-13T12:07:40 EET" skipped="0">
  <testcase classname="tests.UserTests" name="login" time="1.022"/>
  <system-out/>
  <testcase classname="tests.UserTests" name="createUser" time="1.023"/>
  <system-out/>
  <testcase classname="tests.UserTests" name="createUsersWithList" time="3.992"/>
  <system-out/>
  <testcase classname="tests.UserTests" name="createUsersWithArray" time="3.991"/>
  <system-out/>
  <testcase classname="tests.UserTests" name="getUserByUsername" time="1.025"/>
  <system-out/>
  <testcase classname="tests.UserTests" name="updateUserEmailAddress" time="2.047"/>
  <system-out/>
  <testcase classname="tests.UserTests" name="deleteUser" time="2.048"/>
  <system-out/>
  <testcase classname="tests.UserTests" name="logout" time="1.024"/>
  <system-out/>
</testsuite> <!-- tests.UserTests -->
